#
# A fatal error has been detected by the Java Runtime Environment:
#
#  EXCEPTION_ACCESS_VIOLATION (0xc0000005) at pc=0x000000006c82f132, pid=10904, tid=10520
#
# JRE version: Java(TM) SE Runtime Environment 18.9 (11.0.8+10) (build 11.0.8+10-LTS)
# Java VM: Java HotSpot(TM) 64-Bit Server VM 18.9 (11.0.8+10-LTS, mixed mode, tiered, compressed oops, g1 gc, windows-amd64)
# Problematic frame:
# C  [R.dll+0x12f132]
#
# No core dump will be written. Minidumps are not enabled by default on client versions of Windows
#
# If you would like to submit a bug report, please visit:
#   https://bugreport.java.com/bugreport/crash.jsp
# The crash happened outside the Java Virtual Machine in native code.
# See problematic frame for where to report the bug.
#

---------------  S U M M A R Y ------------

Command Line: -Djava.library.path=c:\Users\vinim\Documents\R\win-library\3.6\rJava\jri\x64" -Dfile.encoding=Cp1252 cloudsim.interference.aaa.xxIntExample

Host: Intel(R) Core(TM) i5-6200U CPU @ 2.30GHz, 4 cores, 7G,  Windows 10 , 64 bit Build 19041 (10.0.19041.928)
Time: Fri May 21 10:17:24 2021 Hora oficial do Brasil elapsed time: 8 seconds (0d 0h 0m 8s)

---------------  T H R E A D  ---------------

Current thread (0x00000228f0b53000):  JavaThread "main" [_thread_in_native, id=10520, stack(0x000000bf5f200000,0x000000bf5f300000)]

Stack: [0x000000bf5f200000,0x000000bf5f300000],  sp=0x000000bf5f2ff060,  free space=1020k
Native frames: (J=compiled Java code, j=interpreted, Vv=VM code, C=native code)
C  [R.dll+0x12f132]

Java frames: (J=compiled Java code, j=interpreted, Vv=VM code)
j  org.rosuda.JRI.Rengine.rniParse(Ljava/lang/String;I)J+0
j  org.rosuda.JRI.Rengine.eval(Ljava/lang/String;Z)Lorg/rosuda/JRI/REXP;+53
j  org.rosuda.JRI.Rengine.eval(Ljava/lang/String;)Lorg/rosuda/JRI/REXP;+3
j  cloudsim.interference.MLClassifier.<init>()V+130
j  cloudsim.interference.datacenter.IntContainerDataCenter.<init>(Ljava/lang/String;Lcloudsim/interference/datacenter/IntContainerDataCenterCharacteristics;Lcloudsim/interference/vm/IntContainerVmAllocationPolicy;Lcloudsim/interference/IntContainerAllocationPolicy;Ljava/util/List;DLjava/lang/String;Ljava/lang/String;Ljava/lang/Double;Ljava/lang/Double;Ljava/util/List;)V+10
j  cloudsim.interference.aaa.xxIntExample.createDatacenter(Ljava/lang/String;Ljava/lang/Class;Ljava/util/List;Lcloudsim/interference/vm/IntContainerVmAllocationPolicy;Lcloudsim/interference/IntContainerAllocationPolicy;Ljava/lang/String;DLjava/lang/String;DDLjava/util/List;)Lcloudsim/interference/datacenter/IntContainerDataCenter;+99
j  cloudsim.interference.aaa.xxIntExample.main([Ljava/lang/String;)V+189
v  ~StubRoutines::call_stub

siginfo: EXCEPTION_ACCESS_VIOLATION (0xc0000005), reading address 0x0000000000000018


Register to memory mapping:

RIP=0x000000006c82f132 R.dll
RAX=0x0 is NULL
RBX=0x0 is NULL
RCX=0x0 is NULL
RDX=0x0 is NULL
RSP=0x000000bf5f2ff060 is pointing into the stack for thread: 0x00000228f0b53000
RBP=0x0000000000000020 is an unknown value
RSI=0x000000000000008e is an unknown value
RDI=0x0000000000000038 is an unknown value
R8 =0x0000022894f90018 points into unknown readable memory: 00 00 00 00 00 00 00 00
R9 =0x0 is NULL
R10=0x000000006e4648e0 R.dll
R11=0x0000000000000246 is an unknown value
R12=0x0000000000000001 is an unknown value
R13=0x000000006e464780 R.dll
R14=0x0000000000000001 is an unknown value
R15=0x000000006e4648f0 R.dll


Registers:
RAX=0x0000000000000000, RBX=0x0000000000000000, RCX=0x0000000000000000, RDX=0x0000000000000000
RSP=0x000000bf5f2ff060, RBP=0x0000000000000020, RSI=0x000000000000008e, RDI=0x0000000000000038
R8 =0x0000022894f90018, R9 =0x0000000000000000, R10=0x000000006e4648e0, R11=0x0000000000000246
R12=0x0000000000000001, R13=0x000000006e464780, R14=0x0000000000000001, R15=0x000000006e4648f0
RIP=0x000000006c82f132, EFLAGS=0x0000000000010202

Top of Stack: (sp=0x000000bf5f2ff060)
0x000000bf5f2ff060:   0000000000000038 00007ff970d1a478
0x000000bf5f2ff070:   0000022891d20a20 00000228f0b53000
0x000000bf5f2ff080:   0000000000000000 0000000000000000
0x000000bf5f2ff090:   0000000000000001 0000000000000010
0x000000bf5f2ff0a0:   0000000000000001 0000000000000001
0x000000bf5f2ff0b0:   000000006e464780 000000006c8365ad
0x000000bf5f2ff0c0:   0000000000000000 0000000000000000
0x000000bf5f2ff0d0:   000000bf5f2ffa50 00007ff97096158a
0x000000bf5f2ff0e0:   00000228f0b53000 0000000004000000
0x000000bf5f2ff0f0:   0000000000000037 00000228ffe54cc8
0x000000bf5f2ff100:   0000000000000000 0000000000000000
0x000000bf5f2ff110:   0000000000000000 0000000000000000
0x000000bf5f2ff120:   0000000000000000 00000228f0b53340
0x000000bf5f2ff130:   000000bf5f2ff2c8 000002289125c5a8
0x000000bf5f2ff140:   0000022891d20a20 0000000000000000
0x000000bf5f2ff150:   00000228915a64b0 000000bf5f2ff2d0 

Instructions: (pc=0x000000006c82f132)
0x000000006c82f112:   49 89 9a 58 01 00 00 4d 8b 4a 10 74 54 48 8b 0d
0x000000006c82f122:   ba 61 c3 01 31 c0 c1 e5 05 0f 1f 44 00 00 89 cb
0x000000006c82f132:   49 8b 51 18 83 c0 01 c1 eb 18 41 83 82 50 01 00
0x000000006c82f142:   00 01 4d 89 48 10 4d 89 41 18 41 89 d9 41 83 e1 


Stack slot to memory mapping:
stack at sp + 0 slots: 0x0000000000000038 is an unknown value
stack at sp + 1 slots: 0x00007ff970d1a478 jvm.dll
stack at sp + 2 slots: 0x0000022891d20a20 points into unknown readable memory: 2e 6c 69 62 50 61 74 68
stack at sp + 3 slots: 0x00000228f0b53000 is a thread
stack at sp + 4 slots: 0x0 is NULL
stack at sp + 5 slots: 0x0 is NULL
stack at sp + 6 slots: 0x0000000000000001 is an unknown value
stack at sp + 7 slots: 0x0000000000000010 is an unknown value


---------------  P R O C E S S  ---------------

Threads class SMR info:
_java_thread_list=0x00000228920d6890, length=10, elements={
0x00000228f0b53000, 0x00000228fff5a000, 0x00000228fff66800, 0x00000228fff74800,
0x00000228fff75800, 0x00000228fff78000, 0x00000228fff80000, 0x00000228fff85000,
0x0000022891a9c800, 0x0000022891aa7800
}

Java Threads: ( => current thread )
=>0x00000228f0b53000 JavaThread "main" [_thread_in_native, id=10520, stack(0x000000bf5f200000,0x000000bf5f300000)]
  0x00000228fff5a000 JavaThread "Reference Handler" daemon [_thread_blocked, id=10576, stack(0x000000bf5f900000,0x000000bf5fa00000)]
  0x00000228fff66800 JavaThread "Finalizer" daemon [_thread_blocked, id=6268, stack(0x000000bf5fa00000,0x000000bf5fb00000)]
  0x00000228fff74800 JavaThread "Signal Dispatcher" daemon [_thread_blocked, id=712, stack(0x000000bf5fc00000,0x000000bf5fd00000)]
  0x00000228fff75800 JavaThread "Attach Listener" daemon [_thread_blocked, id=7604, stack(0x000000bf5fd00000,0x000000bf5fe00000)]
  0x00000228fff78000 JavaThread "C2 CompilerThread0" daemon [_thread_blocked, id=9528, stack(0x000000bf5fe00000,0x000000bf5ff00000)]
  0x00000228fff80000 JavaThread "C1 CompilerThread0" daemon [_thread_blocked, id=7856, stack(0x000000bf5ff00000,0x000000bf60000000)]
  0x00000228fff85000 JavaThread "Sweeper thread" daemon [_thread_blocked, id=8364, stack(0x000000bf60000000,0x000000bf60100000)]
  0x0000022891a9c800 JavaThread "Service Thread" daemon [_thread_blocked, id=6768, stack(0x000000bf60100000,0x000000bf60200000)]
  0x0000022891aa7800 JavaThread "Common-Cleaner" daemon [_thread_blocked, id=6012, stack(0x000000bf60300000,0x000000bf60400000)]

Other Threads:
  0x00000228fff37800 VMThread "VM Thread" [stack: 0x000000bf5f800000,0x000000bf5f900000] [id=4640]
  0x0000022891aa2000 WatcherThread [stack: 0x000000bf60200000,0x000000bf60300000] [id=11176]
  0x00000228f0b6a000 GCTaskThread "GC Thread#0" [stack: 0x000000bf5f300000,0x000000bf5f400000] [id=1068]
  0x0000022891bb9000 GCTaskThread "GC Thread#1" [stack: 0x000000bf60500000,0x000000bf60600000] [id=10148]
  0x00000228923f6000 GCTaskThread "GC Thread#2" [stack: 0x000000bf60600000,0x000000bf60700000] [id=7040]
  0x0000022891e99000 GCTaskThread "GC Thread#3" [stack: 0x000000bf60400000,0x000000bf60500000] [id=4780]
  0x00000228f0b99000 ConcurrentGCThread "G1 Main Marker" [stack: 0x000000bf5f400000,0x000000bf5f500000] [id=5900]
  0x00000228f0b9b800 ConcurrentGCThread "G1 Conc#0" [stack: 0x000000bf5f500000,0x000000bf5f600000] [id=3856]
  0x00000228f0c2b000 ConcurrentGCThread "G1 Refine#0" [stack: 0x000000bf5f600000,0x000000bf5f700000] [id=4936]
  0x00000228f0c2d800 ConcurrentGCThread "G1 Young RemSet Sampling" [stack: 0x000000bf5f700000,0x000000bf5f800000] [id=10380]

Threads with active compile tasks:

VM state:not at safepoint (normal execution)

VM Mutex/Monitor currently owned by a thread: None

Heap address: 0x0000000081200000, size: 2030 MB, Compressed Oops mode: 32-bit
Narrow klass base: 0x0000000000000000, Narrow klass shift: 3
Compressed class space size: 1073741824 Address: 0x0000000100000000

Heap:
 garbage-first heap   total 305152K, used 82944K [0x0000000081200000, 0x0000000100000000)
  region size 1024K, 24 young (24576K), 18 survivors (18432K)
 Metaspace       used 8372K, capacity 8456K, committed 8576K, reserved 1056768K
  class space    used 744K, capacity 778K, committed 896K, reserved 1048576K
Heap Regions: E=young(eden), S=young(survivor), O=old, HS=humongous(starts), HC=humongous(continues), CS=collection set, F=free, A=archive, TAMS=top-at-mark-start (previous, next)
|   0|0x0000000081200000, 0x0000000081300000, 0x0000000081300000|100%| O|  |TAMS 0x0000000081200000, 0x0000000081200000| Untracked 
|   1|0x0000000081300000, 0x0000000081400000, 0x0000000081400000|100%| O|  |TAMS 0x0000000081300000, 0x0000000081300000| Untracked 
|   2|0x0000000081400000, 0x0000000081500000, 0x0000000081500000|100%| O|  |TAMS 0x0000000081400000, 0x0000000081400000| Untracked 
|   3|0x0000000081500000, 0x0000000081600000, 0x0000000081600000|100%| O|  |TAMS 0x0000000081500000, 0x0000000081500000| Untracked 
|   4|0x0000000081600000, 0x0000000081700000, 0x0000000081700000|100%| O|  |TAMS 0x0000000081600000, 0x0000000081600000| Untracked 
|   5|0x0000000081700000, 0x0000000081800000, 0x0000000081800000|100%| O|  |TAMS 0x0000000081700000, 0x0000000081700000| Untracked 
|   6|0x0000000081800000, 0x0000000081900000, 0x0000000081900000|100%| O|  |TAMS 0x0000000081800000, 0x0000000081800000| Untracked 
|   7|0x0000000081900000, 0x0000000081a00000, 0x0000000081a00000|100%| O|  |TAMS 0x0000000081900000, 0x0000000081900000| Untracked 
|   8|0x0000000081a00000, 0x0000000081b00000, 0x0000000081b00000|100%| O|  |TAMS 0x0000000081a00000, 0x0000000081a00000| Untracked 
|   9|0x0000000081b00000, 0x0000000081c00000, 0x0000000081c00000|100%| O|  |TAMS 0x0000000081b00000, 0x0000000081b00000| Untracked 
|  10|0x0000000081c00000, 0x0000000081d00000, 0x0000000081d00000|100%| O|  |TAMS 0x0000000081c00000, 0x0000000081c00000| Untracked 
|  11|0x0000000081d00000, 0x0000000081e00000, 0x0000000081e00000|100%| O|  |TAMS 0x0000000081d00000, 0x0000000081d00000| Untracked 
|  12|0x0000000081e00000, 0x0000000081f00000, 0x0000000081f00000|100%| O|  |TAMS 0x0000000081e00000, 0x0000000081e00000| Untracked 
|  13|0x0000000081f00000, 0x0000000082000000, 0x0000000082000000|100%| O|  |TAMS 0x0000000081f00000, 0x0000000081f00000| Untracked 
|  14|0x0000000082000000, 0x0000000082100000, 0x0000000082100000|100%| O|  |TAMS 0x0000000082000000, 0x0000000082000000| Untracked 
|  15|0x0000000082100000, 0x0000000082200000, 0x0000000082200000|100%| O|  |TAMS 0x0000000082100000, 0x0000000082100000| Untracked 
|  16|0x0000000082200000, 0x0000000082300000, 0x0000000082300000|100%| O|  |TAMS 0x0000000082200000, 0x0000000082200000| Untracked 
|  17|0x0000000082300000, 0x0000000082400000, 0x0000000082400000|100%| O|  |TAMS 0x0000000082300000, 0x0000000082300000| Untracked 
|  18|0x0000000082400000, 0x0000000082500000, 0x0000000082500000|100%| O|  |TAMS 0x0000000082400000, 0x0000000082400000| Untracked 
|  19|0x0000000082500000, 0x0000000082600000, 0x0000000082600000|100%| O|  |TAMS 0x0000000082500000, 0x0000000082500000| Untracked 
|  20|0x0000000082600000, 0x0000000082700000, 0x0000000082700000|100%| O|  |TAMS 0x0000000082600000, 0x0000000082600000| Untracked 
|  21|0x0000000082700000, 0x0000000082800000, 0x0000000082800000|100%| O|  |TAMS 0x0000000082700000, 0x0000000082700000| Untracked 
|  22|0x0000000082800000, 0x0000000082900000, 0x0000000082900000|100%| O|  |TAMS 0x0000000082800000, 0x0000000082800000| Untracked 
|  23|0x0000000082900000, 0x0000000082a00000, 0x0000000082a00000|100%| O|  |TAMS 0x0000000082900000, 0x0000000082900000| Untracked 
|  24|0x0000000082a00000, 0x0000000082b00000, 0x0000000082b00000|100%| O|  |TAMS 0x0000000082a00000, 0x0000000082a00000| Untracked 
|  25|0x0000000082b00000, 0x0000000082c00000, 0x0000000082c00000|100%| O|  |TAMS 0x0000000082b00000, 0x0000000082b00000| Untracked 
|  26|0x0000000082c00000, 0x0000000082d00000, 0x0000000082d00000|100%| O|  |TAMS 0x0000000082c00000, 0x0000000082c00000| Untracked 
|  27|0x0000000082d00000, 0x0000000082e00000, 0x0000000082e00000|100%| O|  |TAMS 0x0000000082d00000, 0x0000000082d00000| Untracked 
|  28|0x0000000082e00000, 0x0000000082f00000, 0x0000000082f00000|100%| O|  |TAMS 0x0000000082e00000, 0x0000000082e00000| Untracked 
|  29|0x0000000082f00000, 0x0000000083000000, 0x0000000083000000|100%| O|  |TAMS 0x0000000082f00000, 0x0000000082f00000| Untracked 
|  30|0x0000000083000000, 0x0000000083100000, 0x0000000083100000|100%| O|  |TAMS 0x0000000083000000, 0x0000000083000000| Untracked 
|  31|0x0000000083100000, 0x0000000083200000, 0x0000000083200000|100%| O|  |TAMS 0x0000000083100000, 0x0000000083100000| Untracked 
|  32|0x0000000083200000, 0x0000000083300000, 0x0000000083300000|100%| O|  |TAMS 0x0000000083200000, 0x0000000083200000| Untracked 
|  33|0x0000000083300000, 0x0000000083400000, 0x0000000083400000|100%| O|  |TAMS 0x0000000083300000, 0x0000000083300000| Untracked 
|  34|0x0000000083400000, 0x0000000083500000, 0x0000000083500000|100%| O|  |TAMS 0x0000000083400000, 0x0000000083400000| Untracked 
|  35|0x0000000083500000, 0x0000000083600000, 0x0000000083600000|100%| O|  |TAMS 0x0000000083500000, 0x0000000083500000| Untracked 
|  36|0x0000000083600000, 0x0000000083700000, 0x0000000083700000|100%| O|  |TAMS 0x0000000083600000, 0x0000000083600000| Untracked 
|  37|0x0000000083700000, 0x0000000083800000, 0x0000000083800000|100%| O|  |TAMS 0x0000000083700000, 0x0000000083700000| Untracked 
|  38|0x0000000083800000, 0x0000000083900000, 0x0000000083900000|100%| O|  |TAMS 0x0000000083800000, 0x0000000083800000| Untracked 
|  39|0x0000000083900000, 0x0000000083a00000, 0x0000000083a00000|100%| O|  |TAMS 0x0000000083900000, 0x0000000083900000| Untracked 
|  40|0x0000000083a00000, 0x0000000083b00000, 0x0000000083b00000|100%| O|  |TAMS 0x0000000083a00000, 0x0000000083a00000| Untracked 
|  41|0x0000000083b00000, 0x0000000083c00000, 0x0000000083c00000|100%| O|  |TAMS 0x0000000083b00000, 0x0000000083b00000| Untracked 
|  42|0x0000000083c00000, 0x0000000083d00000, 0x0000000083d00000|100%| O|  |TAMS 0x0000000083c00000, 0x0000000083c00000| Untracked 
|  43|0x0000000083d00000, 0x0000000083e00000, 0x0000000083e00000|100%| O|  |TAMS 0x0000000083d00000, 0x0000000083d00000| Untracked 
|  44|0x0000000083e00000, 0x0000000083f00000, 0x0000000083f00000|100%| O|  |TAMS 0x0000000083e00000, 0x0000000083e00000| Untracked 
|  45|0x0000000083f00000, 0x0000000084000000, 0x0000000084000000|100%| O|  |TAMS 0x0000000083f00000, 0x0000000083f00000| Untracked 
|  46|0x0000000084000000, 0x0000000084100000, 0x0000000084100000|100%| O|  |TAMS 0x0000000084000000, 0x0000000084000000| Untracked 
|  47|0x0000000084100000, 0x0000000084200000, 0x0000000084200000|100%| O|  |TAMS 0x0000000084100000, 0x0000000084100000| Untracked 
|  48|0x0000000084200000, 0x0000000084300000, 0x0000000084300000|100%| O|  |TAMS 0x0000000084200000, 0x0000000084200000| Untracked 
|  49|0x0000000084300000, 0x0000000084400000, 0x0000000084400000|100%| O|  |TAMS 0x0000000084300000, 0x0000000084300000| Untracked 
|  50|0x0000000084400000, 0x0000000084500000, 0x0000000084500000|100%| O|  |TAMS 0x0000000084400000, 0x0000000084400000| Untracked 
|  51|0x0000000084500000, 0x0000000084600000, 0x0000000084600000|100%| O|  |TAMS 0x0000000084500000, 0x0000000084500000| Untracked 
|  52|0x0000000084600000, 0x0000000084700000, 0x0000000084700000|100%| O|  |TAMS 0x0000000084600000, 0x0000000084600000| Untracked 
|  53|0x0000000084700000, 0x0000000084800000, 0x0000000084800000|100%| O|  |TAMS 0x0000000084700000, 0x0000000084700000| Untracked 
|  54|0x0000000084800000, 0x0000000084900000, 0x0000000084900000|100%| O|  |TAMS 0x0000000084800000, 0x0000000084800000| Untracked 
|  55|0x0000000084900000, 0x0000000084a00000, 0x0000000084a00000|100%| O|  |TAMS 0x0000000084900000, 0x0000000084900000| Untracked 
|  56|0x0000000084a00000, 0x0000000084b00000, 0x0000000084b00000|100%| O|  |TAMS 0x0000000084a00000, 0x0000000084a00000| Untracked 
|  57|0x0000000084b00000, 0x0000000084c00000, 0x0000000084c00000|100%| O|  |TAMS 0x0000000084b00000, 0x0000000084b00000| Untracked 
|  58|0x0000000084c00000, 0x0000000084c00000, 0x0000000084d00000|  0%| F|  |TAMS 0x0000000084c00000, 0x0000000084c00000| Untracked 
|  59|0x0000000084d00000, 0x0000000084d00000, 0x0000000084e00000|  0%| F|  |TAMS 0x0000000084d00000, 0x0000000084d00000| Untracked 
|  60|0x0000000084e00000, 0x0000000084e00000, 0x0000000084f00000|  0%| F|  |TAMS 0x0000000084e00000, 0x0000000084e00000| Untracked 
|  61|0x0000000084f00000, 0x0000000084f00000, 0x0000000085000000|  0%| F|  |TAMS 0x0000000084f00000, 0x0000000084f00000| Untracked 
|  62|0x0000000085000000, 0x0000000085000000, 0x0000000085100000|  0%| F|  |TAMS 0x0000000085000000, 0x0000000085000000| Untracked 
|  63|0x0000000085100000, 0x0000000085100000, 0x0000000085200000|  0%| F|  |TAMS 0x0000000085100000, 0x0000000085100000| Untracked 
|  64|0x0000000085200000, 0x0000000085200000, 0x0000000085300000|  0%| F|  |TAMS 0x0000000085200000, 0x0000000085200000| Untracked 
|  65|0x0000000085300000, 0x0000000085300000, 0x0000000085400000|  0%| F|  |TAMS 0x0000000085300000, 0x0000000085300000| Untracked 
|  66|0x0000000085400000, 0x0000000085400000, 0x0000000085500000|  0%| F|  |TAMS 0x0000000085400000, 0x0000000085400000| Untracked 
|  67|0x0000000085500000, 0x0000000085500000, 0x0000000085600000|  0%| F|  |TAMS 0x0000000085500000, 0x0000000085500000| Untracked 
|  68|0x0000000085600000, 0x0000000085600000, 0x0000000085700000|  0%| F|  |TAMS 0x0000000085600000, 0x0000000085600000| Untracked 
|  69|0x0000000085700000, 0x0000000085700000, 0x0000000085800000|  0%| F|  |TAMS 0x0000000085700000, 0x0000000085700000| Untracked 
|  70|0x0000000085800000, 0x0000000085800000, 0x0000000085900000|  0%| F|  |TAMS 0x0000000085800000, 0x0000000085800000| Untracked 
|  71|0x0000000085900000, 0x0000000085900000, 0x0000000085a00000|  0%| F|  |TAMS 0x0000000085900000, 0x0000000085900000| Untracked 
|  72|0x0000000085a00000, 0x0000000085a00000, 0x0000000085b00000|  0%| F|  |TAMS 0x0000000085a00000, 0x0000000085a00000| Untracked 
|  73|0x0000000085b00000, 0x0000000085b00000, 0x0000000085c00000|  0%| F|  |TAMS 0x0000000085b00000, 0x0000000085b00000| Untracked 
|  74|0x0000000085c00000, 0x0000000085c00000, 0x0000000085d00000|  0%| F|  |TAMS 0x0000000085c00000, 0x0000000085c00000| Untracked 
|  75|0x0000000085d00000, 0x0000000085d00000, 0x0000000085e00000|  0%| F|  |TAMS 0x0000000085d00000, 0x0000000085d00000| Untracked 
|  76|0x0000000085e00000, 0x0000000085e00000, 0x0000000085f00000|  0%| F|  |TAMS 0x0000000085e00000, 0x0000000085e00000| Untracked 
|  77|0x0000000085f00000, 0x0000000085f00000, 0x0000000086000000|  0%| F|  |TAMS 0x0000000085f00000, 0x0000000085f00000| Untracked 
|  78|0x0000000086000000, 0x0000000086000000, 0x0000000086100000|  0%| F|  |TAMS 0x0000000086000000, 0x0000000086000000| Untracked 
|  79|0x0000000086100000, 0x0000000086100000, 0x0000000086200000|  0%| F|  |TAMS 0x0000000086100000, 0x0000000086100000| Untracked 
|  80|0x0000000086200000, 0x0000000086200000, 0x0000000086300000|  0%| F|  |TAMS 0x0000000086200000, 0x0000000086200000| Untracked 
|  81|0x0000000086300000, 0x0000000086300000, 0x0000000086400000|  0%| F|  |TAMS 0x0000000086300000, 0x0000000086300000| Untracked 
|  82|0x0000000086400000, 0x0000000086400000, 0x0000000086500000|  0%| F|  |TAMS 0x0000000086400000, 0x0000000086400000| Untracked 
|  83|0x0000000086500000, 0x0000000086500000, 0x0000000086600000|  0%| F|  |TAMS 0x0000000086500000, 0x0000000086500000| Untracked 
|  84|0x0000000086600000, 0x0000000086600000, 0x0000000086700000|  0%| F|  |TAMS 0x0000000086600000, 0x0000000086600000| Untracked 
|  85|0x0000000086700000, 0x0000000086700000, 0x0000000086800000|  0%| F|  |TAMS 0x0000000086700000, 0x0000000086700000| Untracked 
|  86|0x0000000086800000, 0x0000000086800000, 0x0000000086900000|  0%| F|  |TAMS 0x0000000086800000, 0x0000000086800000| Untracked 
|  87|0x0000000086900000, 0x0000000086900000, 0x0000000086a00000|  0%| F|  |TAMS 0x0000000086900000, 0x0000000086900000| Untracked 
|  88|0x0000000086a00000, 0x0000000086a00000, 0x0000000086b00000|  0%| F|  |TAMS 0x0000000086a00000, 0x0000000086a00000| Untracked 
|  89|0x0000000086b00000, 0x0000000086b00000, 0x0000000086c00000|  0%| F|  |TAMS 0x0000000086b00000, 0x0000000086b00000| Untracked 
|  90|0x0000000086c00000, 0x0000000086c00000, 0x0000000086d00000|  0%| F|  |TAMS 0x0000000086c00000, 0x0000000086c00000| Untracked 
|  91|0x0000000086d00000, 0x0000000086d00000, 0x0000000086e00000|  0%| F|  |TAMS 0x0000000086d00000, 0x0000000086d00000| Untracked 
|  92|0x0000000086e00000, 0x0000000086e00000, 0x0000000086f00000|  0%| F|  |TAMS 0x0000000086e00000, 0x0000000086e00000| Untracked 
|  93|0x0000000086f00000, 0x0000000086f00000, 0x0000000087000000|  0%| F|  |TAMS 0x0000000086f00000, 0x0000000086f00000| Untracked 
|  94|0x0000000087000000, 0x0000000087000000, 0x0000000087100000|  0%| F|  |TAMS 0x0000000087000000, 0x0000000087000000| Untracked 
|  95|0x0000000087100000, 0x0000000087100000, 0x0000000087200000|  0%| F|  |TAMS 0x0000000087100000, 0x0000000087100000| Untracked 
|  96|0x0000000087200000, 0x0000000087200000, 0x0000000087300000|  0%| F|  |TAMS 0x0000000087200000, 0x0000000087200000| Untracked 
|  97|0x0000000087300000, 0x0000000087300000, 0x0000000087400000|  0%| F|  |TAMS 0x0000000087300000, 0x0000000087300000| Untracked 
|  98|0x0000000087400000, 0x0000000087400000, 0x0000000087500000|  0%| F|  |TAMS 0x0000000087400000, 0x0000000087400000| Untracked 
|  99|0x0000000087500000, 0x0000000087500000, 0x0000000087600000|  0%| F|  |TAMS 0x0000000087500000, 0x0000000087500000| Untracked 
| 100|0x0000000087600000, 0x0000000087600000, 0x0000000087700000|  0%| F|  |TAMS 0x0000000087600000, 0x0000000087600000| Untracked 
| 101|0x0000000087700000, 0x0000000087700000, 0x0000000087800000|  0%| F|  |TAMS 0x0000000087700000, 0x0000000087700000| Untracked 
| 102|0x0000000087800000, 0x0000000087800000, 0x0000000087900000|  0%| F|  |TAMS 0x0000000087800000, 0x0000000087800000| Untracked 
| 103|0x0000000087900000, 0x0000000087900000, 0x0000000087a00000|  0%| F|  |TAMS 0x0000000087900000, 0x0000000087900000| Untracked 
| 104|0x0000000087a00000, 0x0000000087a00000, 0x0000000087b00000|  0%| F|  |TAMS 0x0000000087a00000, 0x0000000087a00000| Untracked 
| 105|0x0000000087b00000, 0x0000000087b00000, 0x0000000087c00000|  0%| F|  |TAMS 0x0000000087b00000, 0x0000000087b00000| Untracked 
| 106|0x0000000087c00000, 0x0000000087c00000, 0x0000000087d00000|  0%| F|  |TAMS 0x0000000087c00000, 0x0000000087c00000| Untracked 
| 107|0x0000000087d00000, 0x0000000087d00000, 0x0000000087e00000|  0%| F|  |TAMS 0x0000000087d00000, 0x0000000087d00000| Untracked 
| 108|0x0000000087e00000, 0x0000000087e00000, 0x0000000087f00000|  0%| F|  |TAMS 0x0000000087e00000, 0x0000000087e00000| Untracked 
| 109|0x0000000087f00000, 0x0000000087f00000, 0x0000000088000000|  0%| F|  |TAMS 0x0000000087f00000, 0x0000000087f00000| Untracked 
| 110|0x0000000088000000, 0x0000000088000000, 0x0000000088100000|  0%| F|  |TAMS 0x0000000088000000, 0x0000000088000000| Untracked 
| 111|0x0000000088100000, 0x0000000088100000, 0x0000000088200000|  0%| F|  |TAMS 0x0000000088100000, 0x0000000088100000| Untracked 
| 112|0x0000000088200000, 0x0000000088200000, 0x0000000088300000|  0%| F|  |TAMS 0x0000000088200000, 0x0000000088200000| Untracked 
| 113|0x0000000088300000, 0x0000000088300000, 0x0000000088400000|  0%| F|  |TAMS 0x0000000088300000, 0x0000000088300000| Untracked 
| 114|0x0000000088400000, 0x0000000088400000, 0x0000000088500000|  0%| F|  |TAMS 0x0000000088400000, 0x0000000088400000| Untracked 
| 115|0x0000000088500000, 0x0000000088500000, 0x0000000088600000|  0%| F|  |TAMS 0x0000000088500000, 0x0000000088500000| Untracked 
| 116|0x0000000088600000, 0x0000000088600000, 0x0000000088700000|  0%| F|  |TAMS 0x0000000088600000, 0x0000000088600000| Untracked 
| 117|0x0000000088700000, 0x0000000088700000, 0x0000000088800000|  0%| F|  |TAMS 0x0000000088700000, 0x0000000088700000| Untracked 
| 118|0x0000000088800000, 0x0000000088800000, 0x0000000088900000|  0%| F|  |TAMS 0x0000000088800000, 0x0000000088800000| Untracked 
| 119|0x0000000088900000, 0x0000000088900000, 0x0000000088a00000|  0%| F|  |TAMS 0x0000000088900000, 0x0000000088900000| Untracked 
| 120|0x0000000088a00000, 0x0000000088a00000, 0x0000000088b00000|  0%| F|  |TAMS 0x0000000088a00000, 0x0000000088a00000| Untracked 
| 121|0x0000000088b00000, 0x0000000088b00000, 0x0000000088c00000|  0%| F|  |TAMS 0x0000000088b00000, 0x0000000088b00000| Untracked 
| 122|0x0000000088c00000, 0x0000000088c00000, 0x0000000088d00000|  0%| F|  |TAMS 0x0000000088c00000, 0x0000000088c00000| Untracked 
| 123|0x0000000088d00000, 0x0000000088d00000, 0x0000000088e00000|  0%| F|  |TAMS 0x0000000088d00000, 0x0000000088d00000| Untracked 
| 124|0x0000000088e00000, 0x0000000088e00000, 0x0000000088f00000|  0%| F|  |TAMS 0x0000000088e00000, 0x0000000088e00000| Untracked 
| 125|0x0000000088f00000, 0x0000000088f00000, 0x0000000089000000|  0%| F|  |TAMS 0x0000000088f00000, 0x0000000088f00000| Untracked 
| 126|0x0000000089000000, 0x0000000089000000, 0x0000000089100000|  0%| F|  |TAMS 0x0000000089000000, 0x0000000089000000| Untracked 
| 127|0x0000000089100000, 0x0000000089100000, 0x0000000089200000|  0%| F|  |TAMS 0x0000000089100000, 0x0000000089100000| Untracked 
| 128|0x0000000089200000, 0x0000000089200000, 0x0000000089300000|  0%| F|  |TAMS 0x0000000089200000, 0x0000000089200000| Untracked 
| 129|0x0000000089300000, 0x0000000089300000, 0x0000000089400000|  0%| F|  |TAMS 0x0000000089300000, 0x0000000089300000| Untracked 
| 130|0x0000000089400000, 0x0000000089400000, 0x0000000089500000|  0%| F|  |TAMS 0x0000000089400000, 0x0000000089400000| Untracked 
| 131|0x0000000089500000, 0x0000000089500000, 0x0000000089600000|  0%| F|  |TAMS 0x0000000089500000, 0x0000000089500000| Untracked 
| 132|0x0000000089600000, 0x0000000089600000, 0x0000000089700000|  0%| F|  |TAMS 0x0000000089600000, 0x0000000089600000| Untracked 
| 133|0x0000000089700000, 0x0000000089700000, 0x0000000089800000|  0%| F|  |TAMS 0x0000000089700000, 0x0000000089700000| Untracked 
| 134|0x0000000089800000, 0x0000000089800000, 0x0000000089900000|  0%| F|  |TAMS 0x0000000089800000, 0x0000000089800000| Untracked 
| 135|0x0000000089900000, 0x0000000089900000, 0x0000000089a00000|  0%| F|  |TAMS 0x0000000089900000, 0x0000000089900000| Untracked 
| 136|0x0000000089a00000, 0x0000000089a00000, 0x0000000089b00000|  0%| F|  |TAMS 0x0000000089a00000, 0x0000000089a00000| Untracked 
| 137|0x0000000089b00000, 0x0000000089b00000, 0x0000000089c00000|  0%| F|  |TAMS 0x0000000089b00000, 0x0000000089b00000| Untracked 
| 138|0x0000000089c00000, 0x0000000089c00000, 0x0000000089d00000|  0%| F|  |TAMS 0x0000000089c00000, 0x0000000089c00000| Untracked 
| 139|0x0000000089d00000, 0x0000000089d00000, 0x0000000089e00000|  0%| F|  |TAMS 0x0000000089d00000, 0x0000000089d00000| Untracked 
| 140|0x0000000089e00000, 0x0000000089e00000, 0x0000000089f00000|  0%| F|  |TAMS 0x0000000089e00000, 0x0000000089e00000| Untracked 
| 141|0x0000000089f00000, 0x0000000089f00000, 0x000000008a000000|  0%| F|  |TAMS 0x0000000089f00000, 0x0000000089f00000| Untracked 
| 142|0x000000008a000000, 0x000000008a000000, 0x000000008a100000|  0%| F|  |TAMS 0x000000008a000000, 0x000000008a000000| Untracked 
| 143|0x000000008a100000, 0x000000008a100000, 0x000000008a200000|  0%| F|  |TAMS 0x000000008a100000, 0x000000008a100000| Untracked 
| 144|0x000000008a200000, 0x000000008a200000, 0x000000008a300000|  0%| F|  |TAMS 0x000000008a200000, 0x000000008a200000| Untracked 
| 145|0x000000008a300000, 0x000000008a300000, 0x000000008a400000|  0%| F|  |TAMS 0x000000008a300000, 0x000000008a300000| Untracked 
| 146|0x000000008a400000, 0x000000008a400000, 0x000000008a500000|  0%| F|  |TAMS 0x000000008a400000, 0x000000008a400000| Untracked 
| 147|0x000000008a500000, 0x000000008a500000, 0x000000008a600000|  0%| F|  |TAMS 0x000000008a500000, 0x000000008a500000| Untracked 
| 148|0x000000008a600000, 0x000000008a600000, 0x000000008a700000|  0%| F|  |TAMS 0x000000008a600000, 0x000000008a600000| Untracked 
| 149|0x000000008a700000, 0x000000008a800000, 0x000000008a800000|100%| S|CS|TAMS 0x000000008a700000, 0x000000008a700000| Complete 
| 150|0x000000008a800000, 0x000000008a900000, 0x000000008a900000|100%| S|CS|TAMS 0x000000008a800000, 0x000000008a800000| Complete 
| 151|0x000000008a900000, 0x000000008aa00000, 0x000000008aa00000|100%| S|CS|TAMS 0x000000008a900000, 0x000000008a900000| Complete 
| 152|0x000000008aa00000, 0x000000008ab00000, 0x000000008ab00000|100%| S|CS|TAMS 0x000000008aa00000, 0x000000008aa00000| Complete 
| 153|0x000000008ab00000, 0x000000008ac00000, 0x000000008ac00000|100%| S|CS|TAMS 0x000000008ab00000, 0x000000008ab00000| Complete 
| 154|0x000000008ac00000, 0x000000008ad00000, 0x000000008ad00000|100%| S|CS|TAMS 0x000000008ac00000, 0x000000008ac00000| Complete 
| 155|0x000000008ad00000, 0x000000008ae00000, 0x000000008ae00000|100%| S|CS|TAMS 0x000000008ad00000, 0x000000008ad00000| Complete 
| 156|0x000000008ae00000, 0x000000008af00000, 0x000000008af00000|100%| S|CS|TAMS 0x000000008ae00000, 0x000000008ae00000| Complete 
| 157|0x000000008af00000, 0x000000008b000000, 0x000000008b000000|100%| S|CS|TAMS 0x000000008af00000, 0x000000008af00000| Complete 
| 158|0x000000008b000000, 0x000000008b100000, 0x000000008b100000|100%| S|CS|TAMS 0x000000008b000000, 0x000000008b000000| Complete 
| 159|0x000000008b100000, 0x000000008b200000, 0x000000008b200000|100%| S|CS|TAMS 0x000000008b100000, 0x000000008b100000| Complete 
| 160|0x000000008b200000, 0x000000008b300000, 0x000000008b300000|100%| S|CS|TAMS 0x000000008b200000, 0x000000008b200000| Complete 
| 161|0x000000008b300000, 0x000000008b400000, 0x000000008b400000|100%| S|CS|TAMS 0x000000008b300000, 0x000000008b300000| Complete 
| 162|0x000000008b400000, 0x000000008b500000, 0x000000008b500000|100%| S|CS|TAMS 0x000000008b400000, 0x000000008b400000| Complete 
| 163|0x000000008b500000, 0x000000008b600000, 0x000000008b600000|100%| S|CS|TAMS 0x000000008b500000, 0x000000008b500000| Complete 
| 164|0x000000008b600000, 0x000000008b700000, 0x000000008b700000|100%| S|CS|TAMS 0x000000008b600000, 0x000000008b600000| Complete 
| 165|0x000000008b700000, 0x000000008b800000, 0x000000008b800000|100%| S|CS|TAMS 0x000000008b700000, 0x000000008b700000| Complete 
| 166|0x000000008b800000, 0x000000008b900000, 0x000000008b900000|100%| S|CS|TAMS 0x000000008b800000, 0x000000008b800000| Complete 
| 167|0x000000008b900000, 0x000000008b900000, 0x000000008ba00000|  0%| F|  |TAMS 0x000000008b900000, 0x000000008b900000| Untracked 
| 168|0x000000008ba00000, 0x000000008ba00000, 0x000000008bb00000|  0%| F|  |TAMS 0x000000008ba00000, 0x000000008ba00000| Untracked 
| 169|0x000000008bb00000, 0x000000008bb00000, 0x000000008bc00000|  0%| F|  |TAMS 0x000000008bb00000, 0x000000008bb00000| Untracked 
| 170|0x000000008bc00000, 0x000000008bc00000, 0x000000008bd00000|  0%| F|  |TAMS 0x000000008bc00000, 0x000000008bc00000| Untracked 
| 171|0x000000008bd00000, 0x000000008bd00000, 0x000000008be00000|  0%| F|  |TAMS 0x000000008bd00000, 0x000000008bd00000| Untracked 
| 172|0x000000008be00000, 0x000000008be00000, 0x000000008bf00000|  0%| F|  |TAMS 0x000000008be00000, 0x000000008be00000| Untracked 
| 173|0x000000008bf00000, 0x000000008bf00000, 0x000000008c000000|  0%| F|  |TAMS 0x000000008bf00000, 0x000000008bf00000| Untracked 
| 174|0x000000008c000000, 0x000000008c000000, 0x000000008c100000|  0%| F|  |TAMS 0x000000008c000000, 0x000000008c000000| Untracked 
| 175|0x000000008c100000, 0x000000008c100000, 0x000000008c200000|  0%| F|  |TAMS 0x000000008c100000, 0x000000008c100000| Untracked 
| 176|0x000000008c200000, 0x000000008c200000, 0x000000008c300000|  0%| F|  |TAMS 0x000000008c200000, 0x000000008c200000| Untracked 
| 177|0x000000008c300000, 0x000000008c300000, 0x000000008c400000|  0%| F|  |TAMS 0x000000008c300000, 0x000000008c300000| Untracked 
| 178|0x000000008c400000, 0x000000008c400000, 0x000000008c500000|  0%| F|  |TAMS 0x000000008c400000, 0x000000008c400000| Untracked 
| 179|0x000000008c500000, 0x000000008c500000, 0x000000008c600000|  0%| F|  |TAMS 0x000000008c500000, 0x000000008c500000| Untracked 
| 180|0x000000008c600000, 0x000000008c600000, 0x000000008c700000|  0%| F|  |TAMS 0x000000008c600000, 0x000000008c600000| Untracked 
| 181|0x000000008c700000, 0x000000008c700000, 0x000000008c800000|  0%| F|  |TAMS 0x000000008c700000, 0x000000008c700000| Untracked 
| 182|0x000000008c800000, 0x000000008c800000, 0x000000008c900000|  0%| F|  |TAMS 0x000000008c800000, 0x000000008c800000| Untracked 
| 183|0x000000008c900000, 0x000000008c900000, 0x000000008ca00000|  0%| F|  |TAMS 0x000000008c900000, 0x000000008c900000| Untracked 
| 184|0x000000008ca00000, 0x000000008ca00000, 0x000000008cb00000|  0%| F|  |TAMS 0x000000008ca00000, 0x000000008ca00000| Untracked 
| 185|0x000000008cb00000, 0x000000008cb00000, 0x000000008cc00000|  0%| F|  |TAMS 0x000000008cb00000, 0x000000008cb00000| Untracked 
| 186|0x000000008cc00000, 0x000000008cc00000, 0x000000008cd00000|  0%| F|  |TAMS 0x000000008cc00000, 0x000000008cc00000| Untracked 
| 187|0x000000008cd00000, 0x000000008cd00000, 0x000000008ce00000|  0%| F|  |TAMS 0x000000008cd00000, 0x000000008cd00000| Untracked 
| 188|0x000000008ce00000, 0x000000008ce00000, 0x000000008cf00000|  0%| F|  |TAMS 0x000000008ce00000, 0x000000008ce00000| Untracked 
| 189|0x000000008cf00000, 0x000000008cf00000, 0x000000008d000000|  0%| F|  |TAMS 0x000000008cf00000, 0x000000008cf00000| Untracked 
| 190|0x000000008d000000, 0x000000008d000000, 0x000000008d100000|  0%| F|  |TAMS 0x000000008d000000, 0x000000008d000000| Untracked 
| 191|0x000000008d100000, 0x000000008d100000, 0x000000008d200000|  0%| F|  |TAMS 0x000000008d100000, 0x000000008d100000| Untracked 
| 192|0x000000008d200000, 0x000000008d200000, 0x000000008d300000|  0%| F|  |TAMS 0x000000008d200000, 0x000000008d200000| Untracked 
| 193|0x000000008d300000, 0x000000008d300000, 0x000000008d400000|  0%| F|  |TAMS 0x000000008d300000, 0x000000008d300000| Untracked 
| 194|0x000000008d400000, 0x000000008d400000, 0x000000008d500000|  0%| F|  |TAMS 0x000000008d400000, 0x000000008d400000| Untracked 
| 195|0x000000008d500000, 0x000000008d500000, 0x000000008d600000|  0%| F|  |TAMS 0x000000008d500000, 0x000000008d500000| Untracked 
| 196|0x000000008d600000, 0x000000008d600000, 0x000000008d700000|  0%| F|  |TAMS 0x000000008d600000, 0x000000008d600000| Untracked 
| 197|0x000000008d700000, 0x000000008d700000, 0x000000008d800000|  0%| F|  |TAMS 0x000000008d700000, 0x000000008d700000| Untracked 
| 198|0x000000008d800000, 0x000000008d800000, 0x000000008d900000|  0%| F|  |TAMS 0x000000008d800000, 0x000000008d800000| Untracked 
| 199|0x000000008d900000, 0x000000008d900000, 0x000000008da00000|  0%| F|  |TAMS 0x000000008d900000, 0x000000008d900000| Untracked 
| 200|0x000000008da00000, 0x000000008da00000, 0x000000008db00000|  0%| F|  |TAMS 0x000000008da00000, 0x000000008da00000| Untracked 
| 201|0x000000008db00000, 0x000000008db00000, 0x000000008dc00000|  0%| F|  |TAMS 0x000000008db00000, 0x000000008db00000| Untracked 
| 202|0x000000008dc00000, 0x000000008dc00000, 0x000000008dd00000|  0%| F|  |TAMS 0x000000008dc00000, 0x000000008dc00000| Untracked 
| 203|0x000000008dd00000, 0x000000008dd00000, 0x000000008de00000|  0%| F|  |TAMS 0x000000008dd00000, 0x000000008dd00000| Untracked 
| 204|0x000000008de00000, 0x000000008de00000, 0x000000008df00000|  0%| F|  |TAMS 0x000000008de00000, 0x000000008de00000| Untracked 
| 205|0x000000008df00000, 0x000000008df00000, 0x000000008e000000|  0%| F|  |TAMS 0x000000008df00000, 0x000000008df00000| Untracked 
| 206|0x000000008e000000, 0x000000008e000000, 0x000000008e100000|  0%| F|  |TAMS 0x000000008e000000, 0x000000008e000000| Untracked 
| 207|0x000000008e100000, 0x000000008e100000, 0x000000008e200000|  0%| F|  |TAMS 0x000000008e100000, 0x000000008e100000| Untracked 
| 208|0x000000008e200000, 0x000000008e200000, 0x000000008e300000|  0%| F|  |TAMS 0x000000008e200000, 0x000000008e200000| Untracked 
| 209|0x000000008e300000, 0x000000008e300000, 0x000000008e400000|  0%| F|  |TAMS 0x000000008e300000, 0x000000008e300000| Untracked 
| 210|0x000000008e400000, 0x000000008e400000, 0x000000008e500000|  0%| F|  |TAMS 0x000000008e400000, 0x000000008e400000| Untracked 
| 211|0x000000008e500000, 0x000000008e500000, 0x000000008e600000|  0%| F|  |TAMS 0x000000008e500000, 0x000000008e500000| Untracked 
| 212|0x000000008e600000, 0x000000008e600000, 0x000000008e700000|  0%| F|  |TAMS 0x000000008e600000, 0x000000008e600000| Untracked 
| 213|0x000000008e700000, 0x000000008e700000, 0x000000008e800000|  0%| F|  |TAMS 0x000000008e700000, 0x000000008e700000| Untracked 
| 214|0x000000008e800000, 0x000000008e800000, 0x000000008e900000|  0%| F|  |TAMS 0x000000008e800000, 0x000000008e800000| Untracked 
| 215|0x000000008e900000, 0x000000008e900000, 0x000000008ea00000|  0%| F|  |TAMS 0x000000008e900000, 0x000000008e900000| Untracked 
| 216|0x000000008ea00000, 0x000000008ea00000, 0x000000008eb00000|  0%| F|  |TAMS 0x000000008ea00000, 0x000000008ea00000| Untracked 
| 217|0x000000008eb00000, 0x000000008eb00000, 0x000000008ec00000|  0%| F|  |TAMS 0x000000008eb00000, 0x000000008eb00000| Untracked 
| 218|0x000000008ec00000, 0x000000008ec00000, 0x000000008ed00000|  0%| F|  |TAMS 0x000000008ec00000, 0x000000008ec00000| Untracked 
| 219|0x000000008ed00000, 0x000000008ed00000, 0x000000008ee00000|  0%| F|  |TAMS 0x000000008ed00000, 0x000000008ed00000| Untracked 
| 220|0x000000008ee00000, 0x000000008ee00000, 0x000000008ef00000|  0%| F|  |TAMS 0x000000008ee00000, 0x000000008ee00000| Untracked 
| 221|0x000000008ef00000, 0x000000008ef00000, 0x000000008f000000|  0%| F|  |TAMS 0x000000008ef00000, 0x000000008ef00000| Untracked 
| 222|0x000000008f000000, 0x000000008f000000, 0x000000008f100000|  0%| F|  |TAMS 0x000000008f000000, 0x000000008f000000| Untracked 
| 223|0x000000008f100000, 0x000000008f100000, 0x000000008f200000|  0%| F|  |TAMS 0x000000008f100000, 0x000000008f100000| Untracked 
| 224|0x000000008f200000, 0x000000008f200000, 0x000000008f300000|  0%| F|  |TAMS 0x000000008f200000, 0x000000008f200000| Untracked 
| 225|0x000000008f300000, 0x000000008f300000, 0x000000008f400000|  0%| F|  |TAMS 0x000000008f300000, 0x000000008f300000| Untracked 
| 226|0x000000008f400000, 0x000000008f400000, 0x000000008f500000|  0%| F|  |TAMS 0x000000008f400000, 0x000000008f400000| Untracked 
| 227|0x000000008f500000, 0x000000008f500000, 0x000000008f600000|  0%| F|  |TAMS 0x000000008f500000, 0x000000008f500000| Untracked 
| 228|0x000000008f600000, 0x000000008f600000, 0x000000008f700000|  0%| F|  |TAMS 0x000000008f600000, 0x000000008f600000| Untracked 
| 229|0x000000008f700000, 0x000000008f700000, 0x000000008f800000|  0%| F|  |TAMS 0x000000008f700000, 0x000000008f700000| Untracked 
| 230|0x000000008f800000, 0x000000008f800000, 0x000000008f900000|  0%| F|  |TAMS 0x000000008f800000, 0x000000008f800000| Untracked 
| 231|0x000000008f900000, 0x000000008f900000, 0x000000008fa00000|  0%| F|  |TAMS 0x000000008f900000, 0x000000008f900000| Untracked 
| 232|0x000000008fa00000, 0x000000008fa00000, 0x000000008fb00000|  0%| F|  |TAMS 0x000000008fa00000, 0x000000008fa00000| Untracked 
| 233|0x000000008fb00000, 0x000000008fb00000, 0x000000008fc00000|  0%| F|  |TAMS 0x000000008fb00000, 0x000000008fb00000| Untracked 
| 234|0x000000008fc00000, 0x000000008fc00000, 0x000000008fd00000|  0%| F|  |TAMS 0x000000008fc00000, 0x000000008fc00000| Untracked 
| 235|0x000000008fd00000, 0x000000008fd00000, 0x000000008fe00000|  0%| F|  |TAMS 0x000000008fd00000, 0x000000008fd00000| Untracked 
| 236|0x000000008fe00000, 0x000000008fe00000, 0x000000008ff00000|  0%| F|  |TAMS 0x000000008fe00000, 0x000000008fe00000| Untracked 
| 237|0x000000008ff00000, 0x000000008ff00000, 0x0000000090000000|  0%| F|  |TAMS 0x000000008ff00000, 0x000000008ff00000| Untracked 
| 238|0x0000000090000000, 0x0000000090000000, 0x0000000090100000|  0%| F|  |TAMS 0x0000000090000000, 0x0000000090000000| Untracked 
| 239|0x0000000090100000, 0x0000000090100000, 0x0000000090200000|  0%| F|  |TAMS 0x0000000090100000, 0x0000000090100000| Untracked 
| 240|0x0000000090200000, 0x0000000090200000, 0x0000000090300000|  0%| F|  |TAMS 0x0000000090200000, 0x0000000090200000| Untracked 
| 241|0x0000000090300000, 0x0000000090300000, 0x0000000090400000|  0%| F|  |TAMS 0x0000000090300000, 0x0000000090300000| Untracked 
| 242|0x0000000090400000, 0x0000000090400000, 0x0000000090500000|  0%| F|  |TAMS 0x0000000090400000, 0x0000000090400000| Untracked 
| 243|0x0000000090500000, 0x0000000090500000, 0x0000000090600000|  0%| F|  |TAMS 0x0000000090500000, 0x0000000090500000| Untracked 
| 244|0x0000000090600000, 0x0000000090600000, 0x0000000090700000|  0%| F|  |TAMS 0x0000000090600000, 0x0000000090600000| Untracked 
| 245|0x0000000090700000, 0x0000000090700000, 0x0000000090800000|  0%| F|  |TAMS 0x0000000090700000, 0x0000000090700000| Untracked 
| 246|0x0000000090800000, 0x0000000090800000, 0x0000000090900000|  0%| F|  |TAMS 0x0000000090800000, 0x0000000090800000| Untracked 
| 247|0x0000000090900000, 0x0000000090900000, 0x0000000090a00000|  0%| F|  |TAMS 0x0000000090900000, 0x0000000090900000| Untracked 
| 248|0x0000000090a00000, 0x0000000090a00000, 0x0000000090b00000|  0%| F|  |TAMS 0x0000000090a00000, 0x0000000090a00000| Untracked 
| 249|0x0000000090b00000, 0x0000000090b00000, 0x0000000090c00000|  0%| F|  |TAMS 0x0000000090b00000, 0x0000000090b00000| Untracked 
| 250|0x0000000090c00000, 0x0000000090c00000, 0x0000000090d00000|  0%| F|  |TAMS 0x0000000090c00000, 0x0000000090c00000| Untracked 
| 251|0x0000000090d00000, 0x0000000090d00000, 0x0000000090e00000|  0%| F|  |TAMS 0x0000000090d00000, 0x0000000090d00000| Untracked 
| 252|0x0000000090e00000, 0x0000000090e00000, 0x0000000090f00000|  0%| F|  |TAMS 0x0000000090e00000, 0x0000000090e00000| Untracked 
| 253|0x0000000090f00000, 0x0000000090f00000, 0x0000000091000000|  0%| F|  |TAMS 0x0000000090f00000, 0x0000000090f00000| Untracked 
| 254|0x0000000091000000, 0x0000000091000000, 0x0000000091100000|  0%| F|  |TAMS 0x0000000091000000, 0x0000000091000000| Untracked 
| 255|0x0000000091100000, 0x0000000091100000, 0x0000000091200000|  0%| F|  |TAMS 0x0000000091100000, 0x0000000091100000| Untracked 
| 256|0x0000000091200000, 0x0000000091200000, 0x0000000091300000|  0%| F|  |TAMS 0x0000000091200000, 0x0000000091200000| Untracked 
| 257|0x0000000091300000, 0x0000000091300000, 0x0000000091400000|  0%| F|  |TAMS 0x0000000091300000, 0x0000000091300000| Untracked 
| 258|0x0000000091400000, 0x0000000091400000, 0x0000000091500000|  0%| F|  |TAMS 0x0000000091400000, 0x0000000091400000| Untracked 
| 259|0x0000000091500000, 0x0000000091500000, 0x0000000091600000|  0%| F|  |TAMS 0x0000000091500000, 0x0000000091500000| Untracked 
| 260|0x0000000091600000, 0x0000000091600000, 0x0000000091700000|  0%| F|  |TAMS 0x0000000091600000, 0x0000000091600000| Untracked 
| 261|0x0000000091700000, 0x0000000091700000, 0x0000000091800000|  0%| F|  |TAMS 0x0000000091700000, 0x0000000091700000| Untracked 
| 262|0x0000000091800000, 0x0000000091800000, 0x0000000091900000|  0%| F|  |TAMS 0x0000000091800000, 0x0000000091800000| Untracked 
| 263|0x0000000091900000, 0x0000000091900000, 0x0000000091a00000|  0%| F|  |TAMS 0x0000000091900000, 0x0000000091900000| Untracked 
| 264|0x0000000091a00000, 0x0000000091a00000, 0x0000000091b00000|  0%| F|  |TAMS 0x0000000091a00000, 0x0000000091a00000| Untracked 
| 265|0x0000000091b00000, 0x0000000091b00000, 0x0000000091c00000|  0%| F|  |TAMS 0x0000000091b00000, 0x0000000091b00000| Untracked 
| 266|0x0000000091c00000, 0x0000000091c00000, 0x0000000091d00000|  0%| F|  |TAMS 0x0000000091c00000, 0x0000000091c00000| Untracked 
| 267|0x0000000091d00000, 0x0000000091d00000, 0x0000000091e00000|  0%| F|  |TAMS 0x0000000091d00000, 0x0000000091d00000| Untracked 
| 268|0x0000000091e00000, 0x0000000091e00000, 0x0000000091f00000|  0%| F|  |TAMS 0x0000000091e00000, 0x0000000091e00000| Untracked 
| 269|0x0000000091f00000, 0x0000000091f00000, 0x0000000092000000|  0%| F|  |TAMS 0x0000000091f00000, 0x0000000091f00000| Untracked 
| 270|0x0000000092000000, 0x0000000092000000, 0x0000000092100000|  0%| F|  |TAMS 0x0000000092000000, 0x0000000092000000| Untracked 
| 271|0x0000000092100000, 0x0000000092100000, 0x0000000092200000|  0%| F|  |TAMS 0x0000000092100000, 0x0000000092100000| Untracked 
| 272|0x0000000092200000, 0x0000000092200000, 0x0000000092300000|  0%| F|  |TAMS 0x0000000092200000, 0x0000000092200000| Untracked 
| 273|0x0000000092300000, 0x0000000092300000, 0x0000000092400000|  0%| F|  |TAMS 0x0000000092300000, 0x0000000092300000| Untracked 
| 274|0x0000000092400000, 0x0000000092400000, 0x0000000092500000|  0%| F|  |TAMS 0x0000000092400000, 0x0000000092400000| Untracked 
| 275|0x0000000092500000, 0x0000000092500000, 0x0000000092600000|  0%| F|  |TAMS 0x0000000092500000, 0x0000000092500000| Untracked 
| 276|0x0000000092600000, 0x0000000092600000, 0x0000000092700000|  0%| F|  |TAMS 0x0000000092600000, 0x0000000092600000| Untracked 
| 277|0x0000000092700000, 0x0000000092700000, 0x0000000092800000|  0%| F|  |TAMS 0x0000000092700000, 0x0000000092700000| Untracked 
| 278|0x0000000092800000, 0x0000000092800000, 0x0000000092900000|  0%| F|  |TAMS 0x0000000092800000, 0x0000000092800000| Untracked 
| 279|0x0000000092900000, 0x0000000092900000, 0x0000000092a00000|  0%| F|  |TAMS 0x0000000092900000, 0x0000000092900000| Untracked 
| 280|0x0000000092a00000, 0x0000000092a00000, 0x0000000092b00000|  0%| F|  |TAMS 0x0000000092a00000, 0x0000000092a00000| Untracked 
| 281|0x0000000092b00000, 0x0000000092b00000, 0x0000000092c00000|  0%| F|  |TAMS 0x0000000092b00000, 0x0000000092b00000| Untracked 
| 282|0x0000000092c00000, 0x0000000092c00000, 0x0000000092d00000|  0%| F|  |TAMS 0x0000000092c00000, 0x0000000092c00000| Untracked 
| 283|0x0000000092d00000, 0x0000000092d00000, 0x0000000092e00000|  0%| F|  |TAMS 0x0000000092d00000, 0x0000000092d00000| Untracked 
| 284|0x0000000092e00000, 0x0000000092e00000, 0x0000000092f00000|  0%| F|  |TAMS 0x0000000092e00000, 0x0000000092e00000| Untracked 
| 285|0x0000000092f00000, 0x0000000092f00000, 0x0000000093000000|  0%| F|  |TAMS 0x0000000092f00000, 0x0000000092f00000| Untracked 
| 286|0x0000000093000000, 0x0000000093000000, 0x0000000093100000|  0%| F|  |TAMS 0x0000000093000000, 0x0000000093000000| Untracked 
| 287|0x0000000093100000, 0x0000000093100000, 0x0000000093200000|  0%| F|  |TAMS 0x0000000093100000, 0x0000000093100000| Untracked 
| 288|0x0000000093200000, 0x0000000093200000, 0x0000000093300000|  0%| F|  |TAMS 0x0000000093200000, 0x0000000093200000| Untracked 
| 289|0x0000000093300000, 0x0000000093300000, 0x0000000093400000|  0%| F|  |TAMS 0x0000000093300000, 0x0000000093300000| Untracked 
| 290|0x0000000093400000, 0x0000000093400000, 0x0000000093500000|  0%| F|  |TAMS 0x0000000093400000, 0x0000000093400000| Untracked 
| 291|0x0000000093500000, 0x0000000093500000, 0x0000000093600000|  0%| F|  |TAMS 0x0000000093500000, 0x0000000093500000| Untracked 
| 292|0x0000000093600000, 0x0000000093680800, 0x0000000093700000| 50%| E|  |TAMS 0x0000000093600000, 0x0000000093600000| Complete 
| 293|0x0000000093700000, 0x0000000093800000, 0x0000000093800000|100%| E|CS|TAMS 0x0000000093700000, 0x0000000093700000| Complete 
| 294|0x0000000093800000, 0x0000000093900000, 0x0000000093900000|100%| E|CS|TAMS 0x0000000093800000, 0x0000000093800000| Complete 
| 295|0x0000000093900000, 0x0000000093a00000, 0x0000000093a00000|100%| E|CS|TAMS 0x0000000093900000, 0x0000000093900000| Complete 
| 296|0x0000000093a00000, 0x0000000093b00000, 0x0000000093b00000|100%| E|CS|TAMS 0x0000000093a00000, 0x0000000093a00000| Complete 
| 297|0x0000000093b00000, 0x0000000093c00000, 0x0000000093c00000|100%| E|CS|TAMS 0x0000000093b00000, 0x0000000093b00000| Complete 

Card table byte_map: [0x00000228fb190000,0x00000228fb590000] _byte_map_base: 0x00000228fad87000

Marking Bits (Prev, Next): (CMBitMap*) 0x00000228f0b903e8, (CMBitMap*) 0x00000228f0b90420
 Prev Bits: [0x00000228fb990000, 0x00000228fd948000)
 Next Bits: [0x00000228fd950000, 0x00000228ff908000)

Polling page: 0x00000228f0c40000

Metaspace:

Usage:
  Non-class:      7.50 MB capacity,     7.45 MB (>99%) used,    43.44 KB ( <1%) free+waste,     6.25 KB ( <1%) overhead. 
      Class:    778.00 KB capacity,   744.57 KB ( 96%) used,    30.62 KB (  4%) free+waste,     2.81 KB ( <1%) overhead. 
       Both:      8.26 MB capacity,     8.18 MB (>99%) used,    74.05 KB ( <1%) free+waste,     9.06 KB ( <1%) overhead. 

Virtual space:
  Non-class space:        8.00 MB reserved,       7.50 MB ( 94%) committed 
      Class space:        1.00 GB reserved,     896.00 KB ( <1%) committed 
             Both:        1.01 GB reserved,       8.38 MB ( <1%) committed 

Chunk freelists:
   Non-Class:  256 bytes
       Class:  2.75 KB
        Both:  3.00 KB

CodeHeap 'non-profiled nmethods': size=120064Kb used=285Kb max_used=285Kb free=119778Kb
 bounds [0x0000022887ac0000, 0x0000022887d30000, 0x000002288f000000]
CodeHeap 'profiled nmethods': size=120000Kb used=1014Kb max_used=1014Kb free=118985Kb
 bounds [0x0000022880590000, 0x0000022880800000, 0x0000022887ac0000]
CodeHeap 'non-nmethods': size=5696Kb used=1080Kb max_used=1088Kb free=4615Kb
 bounds [0x0000022880000000, 0x0000022880270000, 0x0000022880590000]
 total_blobs=996 nmethods=616 adapters=292
 compilation: enabled
              stopped_count=0, restarted_count=0
 full_count=0

Compilation events (10 events):
Event: 8.028 Thread 0x00000228fff80000  610       3       java.lang.Class::getClassLoader (28 bytes)
Event: 8.031 Thread 0x00000228fff80000 nmethod 610 0x000002288068ad10 code [0x000002288068af40, 0x000002288068b7e0]
Event: 8.031 Thread 0x00000228fff80000  611       3       java.lang.invoke.MethodHandles$Lookup::lookupClassOrNull (17 bytes)
Event: 8.031 Thread 0x00000228fff80000 nmethod 611 0x000002288068ba90 code [0x000002288068bc40, 0x000002288068be18]
Event: 8.051 Thread 0x00000228fff80000  612       3       java.util.concurrent.ConcurrentHashMap$Traverser::advance (188 bytes)
Event: 8.053 Thread 0x00000228fff80000 nmethod 612 0x000002288068be90 code [0x000002288068c0e0, 0x000002288068cee0]
Event: 8.065 Thread 0x00000228fff80000  614       1       java.lang.reflect.Method::getName (5 bytes)
Event: 8.065 Thread 0x00000228fff80000 nmethod 614 0x0000022887b07110 code [0x0000022887b072a0, 0x0000022887b073b8]
Event: 8.065 Thread 0x00000228fff80000  615       3       java.lang.invoke.MethodType$ConcurrentWeakInternSet$WeakEntry::equals (49 bytes)
Event: 8.066 Thread 0x00000228fff80000 nmethod 615 0x000002288068d210 code [0x000002288068d3e0, 0x000002288068da90]

GC Heap History (10 events):
Event: 1.725 GC heap before
{Heap before GC invocations=5 (full 0):
 garbage-first heap   total 188416K, used 119808K [0x0000000081200000, 0x0000000100000000)
  region size 1024K, 94 young (96256K), 7 survivors (7168K)
 Metaspace       used 6168K, capacity 6259K, committed 6528K, reserved 1056768K
  class space    used 521K, capacity 533K, committed 640K, reserved 1048576K
}
Event: 1.737 GC heap after
{Heap after GC invocations=6 (full 0):
 garbage-first heap   total 188416K, used 38840K [0x0000000081200000, 0x0000000100000000)
  region size 1024K, 9 young (9216K), 9 survivors (9216K)
 Metaspace       used 6168K, capacity 6259K, committed 6528K, reserved 1056768K
  class space    used 521K, capacity 533K, committed 640K, reserved 1048576K
}
Event: 1.844 GC heap before
{Heap before GC invocations=6 (full 0):
 garbage-first heap   total 188416K, used 134072K [0x0000000081200000, 0x0000000100000000)
  region size 1024K, 102 young (104448K), 9 survivors (9216K)
 Metaspace       used 6169K, capacity 6259K, committed 6528K, reserved 1056768K
  class space    used 521K, capacity 533K, committed 640K, reserved 1048576K
}
Event: 1.861 GC heap after
{Heap after GC invocations=7 (full 0):
 garbage-first heap   total 188416K, used 47456K [0x0000000081200000, 0x0000000100000000)
  region size 1024K, 9 young (9216K), 9 survivors (9216K)
 Metaspace       used 6169K, capacity 6259K, committed 6528K, reserved 1056768K
  class space    used 521K, capacity 533K, committed 640K, reserved 1048576K
}
Event: 1.951 GC heap before
{Heap before GC invocations=7 (full 0):
 garbage-first heap   total 188416K, used 140640K [0x0000000081200000, 0x0000000100000000)
  region size 1024K, 100 young (102400K), 9 survivors (9216K)
 Metaspace       used 6183K, capacity 6259K, committed 6528K, reserved 1056768K
  class space    used 521K, capacity 533K, committed 640K, reserved 1048576K
}
Event: 1.965 GC heap after
{Heap after GC invocations=8 (full 0):
 garbage-first heap   total 188416K, used 57076K [0x0000000081200000, 0x0000000100000000)
  region size 1024K, 9 young (9216K), 9 survivors (9216K)
 Metaspace       used 6183K, capacity 6259K, committed 6528K, reserved 1056768K
  class space    used 521K, capacity 533K, committed 640K, reserved 1048576K
}
Event: 2.044 GC heap before
{Heap before GC invocations=8 (full 0):
 garbage-first heap   total 188416K, used 145140K [0x0000000081200000, 0x0000000100000000)
  region size 1024K, 95 young (97280K), 9 survivors (9216K)
 Metaspace       used 6190K, capacity 6259K, committed 6528K, reserved 1056768K
  class space    used 521K, capacity 533K, committed 640K, reserved 1048576K
}
Event: 2.060 GC heap after
{Heap after GC invocations=9 (full 0):
 garbage-first heap   total 305152K, used 65351K [0x0000000081200000, 0x0000000100000000)
  region size 1024K, 9 young (9216K), 9 survivors (9216K)
 Metaspace       used 6190K, capacity 6259K, committed 6528K, reserved 1056768K
  class space    used 521K, capacity 533K, committed 640K, reserved 1048576K
}
Event: 2.256 GC heap before
{Heap before GC invocations=9 (full 0):
 garbage-first heap   total 305152K, used 199495K [0x0000000081200000, 0x0000000100000000)
  region size 1024K, 140 young (143360K), 9 survivors (9216K)
 Metaspace       used 6190K, capacity 6259K, committed 6528K, reserved 1056768K
  class space    used 521K, capacity 533K, committed 640K, reserved 1048576K
}
Event: 2.273 GC heap after
{Heap after GC invocations=10 (full 0):
 garbage-first heap   total 305152K, used 77824K [0x0000000081200000, 0x0000000100000000)
  region size 1024K, 18 young (18432K), 18 survivors (18432K)
 Metaspace       used 6190K, capacity 6259K, committed 6528K, reserved 1056768K
  class space    used 521K, capacity 533K, committed 640K, reserved 1048576K
}

Deoptimization events (10 events):
Event: 1.009 Thread 0x00000228f0b53000 Uncommon trap: reason=unstable_if action=reinterpret pc=0x0000022887ad558c method=java.io.BufferedReader.readLine(Z)Ljava/lang/String; @ 55 c2
Event: 2.290 Thread 0x00000228f0b53000 Uncommon trap: reason=range_check action=reinterpret pc=0x0000022887acc508 method=java.lang.StringLatin1.indexOf([BII)I @ 13 c2
Event: 2.302 Thread 0x00000228f0b53000 Uncommon trap: reason=unstable_if action=reinterpret pc=0x0000022887ad8898 method=java.util.Arrays.copyOf([Ljava/lang/Object;ILjava/lang/Class;)[Ljava/lang/Object; @ 3 c2
Event: 2.313 Thread 0x00000228f0b53000 Uncommon trap: reason=unstable_if action=reinterpret pc=0x0000022887ae2284 method=java.io.BufferedReader.readLine(Z)Ljava/lang/String; @ 160 c2
Event: 2.313 Thread 0x00000228f0b53000 Uncommon trap: reason=unstable_if action=reinterpret pc=0x0000022887ad6934 method=java.lang.String.<init>([CIILjava/lang/Void;)V @ 5 c2
Event: 2.317 Thread 0x00000228f0b53000 Uncommon trap: reason=range_check action=reinterpret pc=0x0000022887ad2364 method=java.lang.StringLatin1.indexOf([BII)I @ 13 c2
Event: 2.325 Thread 0x00000228f0b53000 Uncommon trap: reason=unstable_if action=reinterpret pc=0x0000022887ad37c4 method=java.lang.CharacterDataLatin1.digit(II)I @ 12 c2
Event: 8.021 Thread 0x0000022892049800 Uncommon trap: reason=class_check action=maybe_recompile pc=0x0000022887af32a0 method=sun.nio.cs.SingleByte.withResult(Ljava/nio/charset/CoderResult;Ljava/nio/Buffer;ILjava/nio/Buffer;I)Ljava/nio/charset/CoderResult; @ 3 c2
Event: 8.021 Thread 0x0000022892049800 Uncommon trap: reason=class_check action=maybe_recompile pc=0x0000022887af32a0 method=sun.nio.cs.SingleByte.withResult(Ljava/nio/charset/CoderResult;Ljava/nio/Buffer;ILjava/nio/Buffer;I)Ljava/nio/charset/CoderResult; @ 3 c2
Event: 8.022 Thread 0x00000228f0b53000 Uncommon trap: reason=unstable_if action=reinterpret pc=0x0000022887b06d94 method=org.rosuda.JRI.Rengine.<init>([Ljava/lang/String;ZLorg/rosuda/JRI/RMainLoopCallbacks;)V @ 85 c2

Classes redefined (0 events):
No events

Internal exceptions (0 events):
No events

Events (10 events):
Event: 8.062 loading class java/util/Random done
Event: 8.062 loading class java/util/concurrent/ThreadLocalRandom done
Event: 8.064 loading class java/lang/invoke/VarHandleLongs$FieldInstanceReadWrite
Event: 8.065 loading class java/lang/invoke/VarHandleLongs$FieldInstanceReadOnly
Event: 8.065 loading class java/lang/invoke/VarHandleLongs$FieldInstanceReadOnly done
Event: 8.065 loading class java/lang/invoke/VarHandleLongs$FieldInstanceReadWrite done
Event: 8.066 loading class java/util/concurrent/atomic/Striped64$1
Event: 8.066 loading class java/util/concurrent/atomic/Striped64$1 done
Event: 8.066 loading class java/net/InetAddress$CachedLocalHost
Event: 8.067 loading class java/net/InetAddress$CachedLocalHost done


Dynamic libraries:
0x00007ff6f5b60000 - 0x00007ff6f5b6f000 	C:\Program Files\Java\jdk-11.0.8\bin\javaw.exe
0x00007ff9ac4d0000 - 0x00007ff9ac6c5000 	C:\Windows\SYSTEM32\ntdll.dll
0x00007ff9aab30000 - 0x00007ff9aabed000 	C:\Windows\System32\KERNEL32.DLL
0x00007ff9a9fb0000 - 0x00007ff9aa278000 	C:\Windows\System32\KERNELBASE.dll
0x00007ff9a9eb0000 - 0x00007ff9a9fb0000 	C:\Windows\System32\ucrtbase.dll
0x00007ff99b370000 - 0x00007ff99b388000 	C:\Program Files\Java\jdk-11.0.8\bin\jli.dll
0x00007ff9aa5e0000 - 0x00007ff9aa68c000 	C:\Windows\System32\ADVAPI32.dll
0x00007ff9aa830000 - 0x00007ff9aa8ce000 	C:\Windows\System32\msvcrt.dll
0x00007ff9ab0f0000 - 0x00007ff9ab18b000 	C:\Windows\System32\sechost.dll
0x00007ff9ab580000 - 0x00007ff9ab6ab000 	C:\Windows\System32\RPCRT4.dll
0x00007ff9ab1c0000 - 0x00007ff9ab360000 	C:\Windows\System32\USER32.dll
0x00007ff9a9e20000 - 0x00007ff9a9e42000 	C:\Windows\System32\win32u.dll
0x00007ff9aa550000 - 0x00007ff9aa57a000 	C:\Windows\System32\GDI32.dll
0x00007ff9a9d10000 - 0x00007ff9a9e1b000 	C:\Windows\System32\gdi32full.dll
0x00007ff9aa3e0000 - 0x00007ff9aa47d000 	C:\Windows\System32\msvcp_win.dll
0x00007ff995b80000 - 0x00007ff995b95000 	C:\Program Files\Java\jdk-11.0.8\bin\VCRUNTIME140.dll
0x00007ff997fe0000 - 0x00007ff99827a000 	C:\Windows\WinSxS\amd64_microsoft.windows.common-controls_6595b64144ccf1df_6.0.19041.844_none_ca00b6081b84eb1d\COMCTL32.dll
0x00007ff9a23e0000 - 0x00007ff9a23ea000 	C:\Windows\SYSTEM32\VERSION.dll
0x00007ff9ab360000 - 0x00007ff9ab390000 	C:\Windows\System32\IMM32.DLL
0x00007ff985620000 - 0x00007ff9856bb000 	C:\Program Files\Java\jdk-11.0.8\bin\msvcp140.dll
0x00007ff9705b0000 - 0x00007ff971096000 	C:\Program Files\Java\jdk-11.0.8\bin\server\jvm.dll
0x00007ff9ab190000 - 0x00007ff9ab198000 	C:\Windows\System32\PSAPI.DLL
0x00007ff995a60000 - 0x00007ff995a69000 	C:\Windows\SYSTEM32\WSOCK32.dll
0x00007ff9ab080000 - 0x00007ff9ab0eb000 	C:\Windows\System32\WS2_32.dll
0x00007ff99e860000 - 0x00007ff99e887000 	C:\Windows\SYSTEM32\WINMM.dll
0x00007ff9a8530000 - 0x00007ff9a8542000 	C:\Windows\SYSTEM32\kernel.appcore.dll
0x00007ff9a0ed0000 - 0x00007ff9a0ee0000 	C:\Program Files\Java\jdk-11.0.8\bin\verify.dll
0x00007ff9a7a50000 - 0x00007ff9a7c34000 	C:\Windows\SYSTEM32\DBGHELP.DLL
0x00007ff995180000 - 0x00007ff9951ac000 	C:\Windows\SYSTEM32\dbgcore.DLL
0x00007ff9aa4b0000 - 0x00007ff9aa530000 	C:\Windows\System32\bcryptPrimitives.dll
0x00007ff988790000 - 0x00007ff9887b8000 	C:\Program Files\Java\jdk-11.0.8\bin\java.dll
0x00007ff9a0e70000 - 0x00007ff9a0e7a000 	C:\Program Files\Java\jdk-11.0.8\bin\jimage.dll
0x00007ff98c4a0000 - 0x00007ff98c4b6000 	C:\Program Files\Java\jdk-11.0.8\bin\zip.dll
0x00007ff9abc50000 - 0x00007ff9ac392000 	C:\Windows\System32\SHELL32.dll
0x00007ff9a7c40000 - 0x00007ff9a83d0000 	C:\Windows\SYSTEM32\windows.storage.dll
0x00007ff9aad20000 - 0x00007ff9ab075000 	C:\Windows\System32\combase.dll
0x00007ff9a95b0000 - 0x00007ff9a95dc000 	C:\Windows\SYSTEM32\Wldp.dll
0x00007ff9ab470000 - 0x00007ff9ab51e000 	C:\Windows\System32\SHCORE.dll
0x00007ff9ab780000 - 0x00007ff9ab7d5000 	C:\Windows\System32\shlwapi.dll
0x00007ff9a9b50000 - 0x00007ff9a9b6f000 	C:\Windows\SYSTEM32\profapi.dll
0x00007ff988560000 - 0x00007ff988579000 	C:\Program Files\Java\jdk-11.0.8\bin\net.dll
0x00007ff9a00f0000 - 0x00007ff9a01fb000 	C:\Windows\SYSTEM32\WINHTTP.dll
0x00007ff9a9320000 - 0x00007ff9a938a000 	C:\Windows\system32\mswsock.dll
0x00007ff9883a0000 - 0x00007ff9883b2000 	C:\Program Files\Java\jdk-11.0.8\bin\nio.dll
0x0000000062d80000 - 0x0000000062d97000 	C:\Users\vinim\Documents\R\win-library\3.6\rJava\jri\x64\jri.dll
0x000000006c700000 - 0x000000006e59e000 	C:\Program Files\R\R-3.5.3\bin\x64\R.dll
0x0000000064e80000 - 0x0000000064ed2000 	C:\Program Files\R\R-3.5.3\bin\x64\Rblas.dll
0x0000000063540000 - 0x00000000635a1000 	C:\Program Files\R\R-3.5.3\bin\x64\Rgraphapp.dll
0x00000000641c0000 - 0x00000000641d6000 	C:\Program Files\R\R-3.5.3\bin\x64\Riconv.dll
0x00007ff9ab390000 - 0x00007ff9ab46a000 	C:\Windows\System32\comdlg32.dll
0x00007ff9983c0000 - 0x00007ff9983c7000 	C:\Windows\SYSTEM32\MSIMG32.dll
0x00007ff996c90000 - 0x00007ff996d3c000 	C:\Windows\SYSTEM32\TextShaping.dll
0x00007ff9a70d0000 - 0x00007ff9a716e000 	C:\Windows\system32\uxtheme.dll
0x00007ff9aa710000 - 0x00007ff9aa825000 	C:\Windows\System32\MSCTF.dll
0x00007ff9ab6b0000 - 0x00007ff9ab77d000 	C:\Windows\System32\OLEAUT32.dll
0x00007ff99e2b0000 - 0x00007ff99e3a9000 	C:\Windows\SYSTEM32\textinputframework.dll
0x00007ff9a64c0000 - 0x00007ff9a681e000 	C:\Windows\System32\CoreUIComponents.dll
0x00007ff9a6920000 - 0x00007ff9a6a12000 	C:\Windows\System32\CoreMessaging.dll
0x00007ff9a8950000 - 0x00007ff9a8983000 	C:\Windows\SYSTEM32\ntmarta.dll
0x00007ff9a5ba0000 - 0x00007ff9a5cf4000 	C:\Windows\SYSTEM32\wintypes.dll
0x00007ff9970a0000 - 0x00007ff997106000 	C:\Windows\system32\Oleacc.dll
0x00007ff9aabf0000 - 0x00007ff9aad1a000 	C:\Windows\System32\ole32.dll
0x00007ff9825b0000 - 0x00007ff9825c7000 	C:\Windows\system32\napinsp.dll
0x00007ff982590000 - 0x00007ff9825ab000 	C:\Windows\system32\pnrpnsp.dll
0x00007ff9a3840000 - 0x00007ff9a3855000 	C:\Windows\system32\wshbth.dll
0x00007ff9a4ac0000 - 0x00007ff9a4add000 	C:\Windows\system32\NLAapi.dll
0x00007ff9a9010000 - 0x00007ff9a904b000 	C:\Windows\SYSTEM32\IPHLPAPI.DLL
0x00007ff9a9050000 - 0x00007ff9a911c000 	C:\Windows\SYSTEM32\DNSAPI.dll
0x00007ff9ab1b0000 - 0x00007ff9ab1b8000 	C:\Windows\System32\NSI.dll
0x00007ff982570000 - 0x00007ff982582000 	C:\Windows\System32\winrnr.dll
0x00007ff9a1650000 - 0x00007ff9a165a000 	C:\Windows\System32\rasadhlp.dll
0x00007ff99fc20000 - 0x00007ff99fc9f000 	C:\Windows\System32\fwpuclnt.dll
0x00007ff9aa480000 - 0x00007ff9aa4a7000 	C:\Windows\System32\bcrypt.dll

dbghelp: loaded successfully - version: 4.0.5 - missing functions: none
symbol engine: initialized successfully - sym options: 0x614 - pdb path: .;C:\Program Files\Java\jdk-11.0.8\bin;C:\Windows\SYSTEM32;C:\Windows\WinSxS\amd64_microsoft.windows.common-controls_6595b64144ccf1df_6.0.19041.844_none_ca00b6081b84eb1d;C:\Program Files\Java\jdk-11.0.8\bin\server;C:\Users\vinim\Documents\R\win-library\3.6\rJava\jri\x64;C:\Program Files\R\R-3.5.3\bin\x64

VM Arguments:
jvm_args: -Djava.library.path=c:\Users\vinim\Documents\R\win-library\3.6\rJava\jri\x64" -Dfile.encoding=Cp1252 
java_command: cloudsim.interference.aaa.xxIntExample
java_class_path (initial): C:\Users\vinim\git\CloudSimInterference\bin;C:\Users\vinim\git\CloudSimInterference\lib\commons-math3-3.3.jar;C:\Users\vinim\git\CloudSimInterference\lib\easymock-3.1.jar;C:\Users\vinim\git\CloudSimInterference\lib\junit-4.10.jar;C:\Users\vinim\git\CloudSimInterference\lib\opencsv-3.7.jar;C:\Users\vinim\git\CloudSimInterference\lib\JRI.jar;C:\Users\vinim\git\CloudSimInterference\lib\JRIEngine.jar;C:\Users\vinim\git\CloudSimInterference\lib\REngine.jar
Launcher Type: SUN_STANDARD

[Global flags]
     intx CICompilerCount                          = 3                                         {product} {ergonomic}
     uint ConcGCThreads                            = 1                                         {product} {ergonomic}
     uint G1ConcRefinementThreads                  = 4                                         {product} {ergonomic}
   size_t G1HeapRegionSize                         = 1048576                                   {product} {ergonomic}
    uintx GCDrainStackTargetSize                   = 64                                        {product} {ergonomic}
   size_t InitialHeapSize                          = 134217728                                 {product} {ergonomic}
   size_t MarkStackSize                            = 4194304                                   {product} {ergonomic}
   size_t MaxHeapSize                              = 2128609280                                {product} {ergonomic}
   size_t MaxNewSize                               = 1277165568                                {product} {ergonomic}
   size_t MinHeapDeltaBytes                        = 1048576                                   {product} {ergonomic}
    uintx NonNMethodCodeHeapSize                   = 5830732                                {pd product} {ergonomic}
    uintx NonProfiledCodeHeapSize                  = 122913754                              {pd product} {ergonomic}
    uintx ProfiledCodeHeapSize                     = 122913754                              {pd product} {ergonomic}
    uintx ReservedCodeCacheSize                    = 251658240                              {pd product} {ergonomic}
     bool SegmentedCodeCache                       = true                                      {product} {ergonomic}
     bool UseCompressedClassPointers               = true                                 {lp64_product} {ergonomic}
     bool UseCompressedOops                        = true                                 {lp64_product} {ergonomic}
     bool UseG1GC                                  = true                                      {product} {ergonomic}
     bool UseLargePagesIndividualAllocation        = false                                  {pd product} {ergonomic}

Logging:
Log output configuration:
 #0: stdout all=warning uptime,level,tags
 #1: stderr all=off uptime,level,tags

Environment Variables:
PATH=C:\Program Files\R\R-3.5.3\bin\x64
USERNAME=Vinicius
OS=Windows_NT
PROCESSOR_IDENTIFIER=Intel64 Family 6 Model 78 Stepping 3, GenuineIntel



---------------  S Y S T E M  ---------------

OS: Windows 10 , 64 bit Build 19041 (10.0.19041.928)

CPU:total 4 (initial active 4) (2 cores per cpu, 2 threads per core) family 6 model 78 stepping 3, cmov, cx8, fxsr, mmx, sse, sse2, sse3, ssse3, sse4.1, sse4.2, popcnt, avx, avx2, aes, clmul, erms, 3dnowpref, lzcnt, ht, tsc, tscinvbit, bmi1, bmi2, adx, fma

Memory: 4k page, system-wide physical 8112M (3281M free)
TotalPageFile size 10672M (AvailPageFile size 5774M)
current process WorkingSet (physical memory assigned to process): 347M, peak: 351M
current process commit charge ("private bytes"): 407M, peak: 412M

vm_info: Java HotSpot(TM) 64-Bit Server VM (11.0.8+10-LTS) for windows-amd64 JRE (11.0.8+10-LTS), built on Jun 16 2020 05:53:08 by "mach5one" with unknown MS VC++:1916

END.
