#
# A fatal error has been detected by the Java Runtime Environment:
#
#  EXCEPTION_ACCESS_VIOLATION (0xc0000005) at pc=0x000000006c82f132, pid=2808, tid=10700
#
# JRE version: Java(TM) SE Runtime Environment 18.9 (11.0.8+10) (build 11.0.8+10-LTS)
# Java VM: Java HotSpot(TM) 64-Bit Server VM 18.9 (11.0.8+10-LTS, mixed mode, tiered, compressed oops, g1 gc, windows-amd64)
# Problematic frame:
# C  [R.dll+0x12f132]
#
# No core dump will be written. Minidumps are not enabled by default on client versions of Windows
#
# If you would like to submit a bug report, please visit:
#   https://bugreport.java.com/bugreport/crash.jsp
# The crash happened outside the Java Virtual Machine in native code.
# See problematic frame for where to report the bug.
#

---------------  S U M M A R Y ------------

Command Line: -Djava.library.path=c:\Users\vinim\Documents\R\win-library\3.6\rJava\jri\x64" -Dfile.encoding=Cp1252 cloudsim.interference.aaa.xxIntExample

Host: Intel(R) Core(TM) i5-6200U CPU @ 2.30GHz, 4 cores, 7G,  Windows 10 , 64 bit Build 19041 (10.0.19041.928)
Time: Fri May 21 10:17:01 2021 Hora oficial do Brasil elapsed time: 9 seconds (0d 0h 0m 9s)

---------------  T H R E A D  ---------------

Current thread (0x000001fcf8372800):  JavaThread "main" [_thread_in_native, id=10700, stack(0x000000f1c0f00000,0x000000f1c1000000)]

Stack: [0x000000f1c0f00000,0x000000f1c1000000],  sp=0x000000f1c0ffee10,  free space=1019k
Native frames: (J=compiled Java code, j=interpreted, Vv=VM code, C=native code)
C  [R.dll+0x12f132]

Java frames: (J=compiled Java code, j=interpreted, Vv=VM code)
j  org.rosuda.JRI.Rengine.rniParse(Ljava/lang/String;I)J+0
j  org.rosuda.JRI.Rengine.eval(Ljava/lang/String;Z)Lorg/rosuda/JRI/REXP;+53
j  org.rosuda.JRI.Rengine.eval(Ljava/lang/String;)Lorg/rosuda/JRI/REXP;+3
j  cloudsim.interference.MLClassifier.<init>()V+130
j  cloudsim.interference.datacenter.IntContainerDataCenter.<init>(Ljava/lang/String;Lcloudsim/interference/datacenter/IntContainerDataCenterCharacteristics;Lcloudsim/interference/vm/IntContainerVmAllocationPolicy;Lcloudsim/interference/IntContainerAllocationPolicy;Ljava/util/List;DLjava/lang/String;Ljava/lang/String;Ljava/lang/Double;Ljava/lang/Double;Ljava/util/List;)V+10
j  cloudsim.interference.aaa.xxIntExample.createDatacenter(Ljava/lang/String;Ljava/lang/Class;Ljava/util/List;Lcloudsim/interference/vm/IntContainerVmAllocationPolicy;Lcloudsim/interference/IntContainerAllocationPolicy;Ljava/lang/String;DLjava/lang/String;DDLjava/util/List;)Lcloudsim/interference/datacenter/IntContainerDataCenter;+99
j  cloudsim.interference.aaa.xxIntExample.main([Ljava/lang/String;)V+189
v  ~StubRoutines::call_stub

siginfo: EXCEPTION_ACCESS_VIOLATION (0xc0000005), reading address 0x0000000000000018


Register to memory mapping:

RIP=0x000000006c82f132 R.dll
RAX=0x0 is NULL
RBX=0x0 is NULL
RCX=0x0 is NULL
RDX=0x0 is NULL
RSP=0x000000f1c0ffee10 is pointing into the stack for thread: 0x000001fcf8372800
RBP=0x0000000000000020 is an unknown value
RSI=0x000000000000008e is an unknown value
RDI=0x0000000000000038 is an unknown value
R8 =0x000001fc9c760018 points into unknown readable memory: 00 00 00 00 00 00 00 00
R9 =0x0 is NULL
R10=0x000000006e4648e0 R.dll
R11=0x0000000000000246 is an unknown value
R12=0x0000000000000001 is an unknown value
R13=0x000000006e464780 R.dll
R14=0x0000000000000001 is an unknown value
R15=0x000000006e4648f0 R.dll


Registers:
RAX=0x0000000000000000, RBX=0x0000000000000000, RCX=0x0000000000000000, RDX=0x0000000000000000
RSP=0x000000f1c0ffee10, RBP=0x0000000000000020, RSI=0x000000000000008e, RDI=0x0000000000000038
R8 =0x000001fc9c760018, R9 =0x0000000000000000, R10=0x000000006e4648e0, R11=0x0000000000000246
R12=0x0000000000000001, R13=0x000000006e464780, R14=0x0000000000000001, R15=0x000000006e4648f0
RIP=0x000000006c82f132, EFLAGS=0x0000000000010202

Top of Stack: (sp=0x000000f1c0ffee10)
0x000000f1c0ffee10:   0000000000000037 00007ff970d1a478
0x000000f1c0ffee20:   000001fc97fd1a60 000001fcf8372800
0x000000f1c0ffee30:   0000000000000000 0000000000000000
0x000000f1c0ffee40:   0000000000000001 0000000000000010
0x000000f1c0ffee50:   0000000000000001 0000000000000001
0x000000f1c0ffee60:   000000006e464780 000000006c8365ad
0x000000f1c0ffee70:   0000000000000000 0000000000000000
0x000000f1c0ffee80:   000000f1c0fff800 00007ff97096158a
0x000000f1c0ffee90:   000001fcf8372800 0000000004000000
0x000000f1c0ffeea0:   0000000000000036 000001fcffae4b88
0x000000f1c0ffeeb0:   0000000000000000 0000000000000000
0x000000f1c0ffeec0:   0000000000000000 0000000000000000
0x000000f1c0ffeed0:   0000000000000000 000001fcf8372b40
0x000000f1c0ffeee0:   000000f1c0fff078 000001fc97582e90
0x000000f1c0ffeef0:   000001fc97fd1a60 0000000000000000
0x000000f1c0ffef00:   000001fc978d64b0 000000f1c0fff080 

Instructions: (pc=0x000000006c82f132)
0x000000006c82f112:   49 89 9a 58 01 00 00 4d 8b 4a 10 74 54 48 8b 0d
0x000000006c82f122:   ba 61 c3 01 31 c0 c1 e5 05 0f 1f 44 00 00 89 cb
0x000000006c82f132:   49 8b 51 18 83 c0 01 c1 eb 18 41 83 82 50 01 00
0x000000006c82f142:   00 01 4d 89 48 10 4d 89 41 18 41 89 d9 41 83 e1 


Stack slot to memory mapping:
stack at sp + 0 slots: 0x0000000000000037 is an unknown value
stack at sp + 1 slots: 0x00007ff970d1a478 jvm.dll
stack at sp + 2 slots: 0x000001fc97fd1a60 points into unknown readable memory: 2e 6c 69 62 50 61 74 68
stack at sp + 3 slots: 0x000001fcf8372800 is a thread
stack at sp + 4 slots: 0x0 is NULL
stack at sp + 5 slots: 0x0 is NULL
stack at sp + 6 slots: 0x0000000000000001 is an unknown value
stack at sp + 7 slots: 0x0000000000000010 is an unknown value


---------------  P R O C E S S  ---------------

Threads class SMR info:
_java_thread_list=0x000001fc97fdf310, length=10, elements={
0x000001fcf8372800, 0x000001fcffbcc000, 0x000001fcffbf8800, 0x000001fcffc08000,
0x000001fcffc08800, 0x000001fcffc0a800, 0x000001fc97bad000, 0x000001fc97bb4000,
0x000001fc97cc3000, 0x000001fc97cc8000
}

Java Threads: ( => current thread )
=>0x000001fcf8372800 JavaThread "main" [_thread_in_native, id=10700, stack(0x000000f1c0f00000,0x000000f1c1000000)]
  0x000001fcffbcc000 JavaThread "Reference Handler" daemon [_thread_blocked, id=3968, stack(0x000000f1c1600000,0x000000f1c1700000)]
  0x000001fcffbf8800 JavaThread "Finalizer" daemon [_thread_blocked, id=1004, stack(0x000000f1c1700000,0x000000f1c1800000)]
  0x000001fcffc08000 JavaThread "Signal Dispatcher" daemon [_thread_blocked, id=4656, stack(0x000000f1c1800000,0x000000f1c1900000)]
  0x000001fcffc08800 JavaThread "Attach Listener" daemon [_thread_blocked, id=1596, stack(0x000000f1c1900000,0x000000f1c1a00000)]
  0x000001fcffc0a800 JavaThread "C2 CompilerThread0" daemon [_thread_blocked, id=7844, stack(0x000000f1c1a00000,0x000000f1c1b00000)]
  0x000001fc97bad000 JavaThread "C1 CompilerThread0" daemon [_thread_blocked, id=9828, stack(0x000000f1c1b00000,0x000000f1c1c00000)]
  0x000001fc97bb4000 JavaThread "Sweeper thread" daemon [_thread_blocked, id=3252, stack(0x000000f1c1c00000,0x000000f1c1d00000)]
  0x000001fc97cc3000 JavaThread "Service Thread" daemon [_thread_blocked, id=9548, stack(0x000000f1c1d00000,0x000000f1c1e00000)]
  0x000001fc97cc8000 JavaThread "Common-Cleaner" daemon [_thread_blocked, id=3512, stack(0x000000f1c1f00000,0x000000f1c2000000)]

Other Threads:
  0x000001fcffbcb800 VMThread "VM Thread" [stack: 0x000000f1c1500000,0x000000f1c1600000] [id=7376]
  0x000001fc97cc7800 WatcherThread [stack: 0x000000f1c1e00000,0x000000f1c1f00000] [id=9136]
  0x000001fcf838b000 GCTaskThread "GC Thread#0" [stack: 0x000000f1c1000000,0x000000f1c1100000] [id=5844]
  0x000001fc97f58800 GCTaskThread "GC Thread#1" [stack: 0x000000f1c2100000,0x000000f1c2200000] [id=1268]
  0x000001fc97f59000 GCTaskThread "GC Thread#2" [stack: 0x000000f1c2200000,0x000000f1c2300000] [id=2884]
  0x000001fc97ecf800 GCTaskThread "GC Thread#3" [stack: 0x000000f1c2000000,0x000000f1c2100000] [id=5912]
  0x000001fcf83ba800 ConcurrentGCThread "G1 Main Marker" [stack: 0x000000f1c1100000,0x000000f1c1200000] [id=9840]
  0x000001fcf83bd000 ConcurrentGCThread "G1 Conc#0" [stack: 0x000000f1c1200000,0x000000f1c1300000] [id=8900]
  0x000001fcf844a800 ConcurrentGCThread "G1 Refine#0" [stack: 0x000000f1c1300000,0x000000f1c1400000] [id=1644]
  0x000001fcf844c800 ConcurrentGCThread "G1 Young RemSet Sampling" [stack: 0x000000f1c1400000,0x000000f1c1500000] [id=2092]

Threads with active compile tasks:

VM state:not at safepoint (normal execution)

VM Mutex/Monitor currently owned by a thread: None

Heap address: 0x0000000081200000, size: 2030 MB, Compressed Oops mode: 32-bit
Narrow klass base: 0x0000000000000000, Narrow klass shift: 3
Compressed class space size: 1073741824 Address: 0x0000000100000000

Heap:
 garbage-first heap   total 227328K, used 156672K [0x0000000081200000, 0x0000000100000000)
  region size 1024K, 94 young (96256K), 9 survivors (9216K)
 Metaspace       used 8372K, capacity 8456K, committed 8576K, reserved 1056768K
  class space    used 743K, capacity 778K, committed 896K, reserved 1048576K
Heap Regions: E=young(eden), S=young(survivor), O=old, HS=humongous(starts), HC=humongous(continues), CS=collection set, F=free, A=archive, TAMS=top-at-mark-start (previous, next)
|   0|0x0000000081200000, 0x0000000081300000, 0x0000000081300000|100%| O|  |TAMS 0x0000000081200000, 0x0000000081200000| Untracked 
|   1|0x0000000081300000, 0x0000000081400000, 0x0000000081400000|100%| O|  |TAMS 0x0000000081300000, 0x0000000081300000| Untracked 
|   2|0x0000000081400000, 0x0000000081500000, 0x0000000081500000|100%| O|  |TAMS 0x0000000081400000, 0x0000000081400000| Untracked 
|   3|0x0000000081500000, 0x0000000081600000, 0x0000000081600000|100%| O|  |TAMS 0x0000000081500000, 0x0000000081500000| Untracked 
|   4|0x0000000081600000, 0x0000000081700000, 0x0000000081700000|100%| O|  |TAMS 0x0000000081600000, 0x0000000081600000| Untracked 
|   5|0x0000000081700000, 0x0000000081800000, 0x0000000081800000|100%| O|  |TAMS 0x0000000081700000, 0x0000000081700000| Untracked 
|   6|0x0000000081800000, 0x0000000081900000, 0x0000000081900000|100%| O|  |TAMS 0x0000000081800000, 0x0000000081800000| Untracked 
|   7|0x0000000081900000, 0x0000000081a00000, 0x0000000081a00000|100%| O|  |TAMS 0x0000000081900000, 0x0000000081900000| Untracked 
|   8|0x0000000081a00000, 0x0000000081b00000, 0x0000000081b00000|100%| O|  |TAMS 0x0000000081a00000, 0x0000000081a00000| Untracked 
|   9|0x0000000081b00000, 0x0000000081c00000, 0x0000000081c00000|100%| O|  |TAMS 0x0000000081b00000, 0x0000000081b00000| Untracked 
|  10|0x0000000081c00000, 0x0000000081d00000, 0x0000000081d00000|100%| O|  |TAMS 0x0000000081c00000, 0x0000000081c00000| Untracked 
|  11|0x0000000081d00000, 0x0000000081e00000, 0x0000000081e00000|100%| O|  |TAMS 0x0000000081d00000, 0x0000000081d00000| Untracked 
|  12|0x0000000081e00000, 0x0000000081f00000, 0x0000000081f00000|100%| O|  |TAMS 0x0000000081e00000, 0x0000000081e00000| Untracked 
|  13|0x0000000081f00000, 0x0000000082000000, 0x0000000082000000|100%| O|  |TAMS 0x0000000081f00000, 0x0000000081f00000| Untracked 
|  14|0x0000000082000000, 0x0000000082100000, 0x0000000082100000|100%| O|  |TAMS 0x0000000082000000, 0x0000000082000000| Untracked 
|  15|0x0000000082100000, 0x0000000082200000, 0x0000000082200000|100%| O|  |TAMS 0x0000000082100000, 0x0000000082100000| Untracked 
|  16|0x0000000082200000, 0x0000000082300000, 0x0000000082300000|100%| O|  |TAMS 0x0000000082200000, 0x0000000082200000| Untracked 
|  17|0x0000000082300000, 0x0000000082400000, 0x0000000082400000|100%| O|  |TAMS 0x0000000082300000, 0x0000000082300000| Untracked 
|  18|0x0000000082400000, 0x0000000082500000, 0x0000000082500000|100%| O|  |TAMS 0x0000000082400000, 0x0000000082400000| Untracked 
|  19|0x0000000082500000, 0x0000000082600000, 0x0000000082600000|100%| O|  |TAMS 0x0000000082500000, 0x0000000082500000| Untracked 
|  20|0x0000000082600000, 0x0000000082700000, 0x0000000082700000|100%| O|  |TAMS 0x0000000082600000, 0x0000000082600000| Untracked 
|  21|0x0000000082700000, 0x0000000082800000, 0x0000000082800000|100%| O|  |TAMS 0x0000000082700000, 0x0000000082700000| Untracked 
|  22|0x0000000082800000, 0x0000000082900000, 0x0000000082900000|100%| O|  |TAMS 0x0000000082800000, 0x0000000082800000| Untracked 
|  23|0x0000000082900000, 0x0000000082a00000, 0x0000000082a00000|100%| O|  |TAMS 0x0000000082900000, 0x0000000082900000| Untracked 
|  24|0x0000000082a00000, 0x0000000082b00000, 0x0000000082b00000|100%| O|  |TAMS 0x0000000082a00000, 0x0000000082a00000| Untracked 
|  25|0x0000000082b00000, 0x0000000082c00000, 0x0000000082c00000|100%| O|  |TAMS 0x0000000082b00000, 0x0000000082b00000| Untracked 
|  26|0x0000000082c00000, 0x0000000082d00000, 0x0000000082d00000|100%| O|  |TAMS 0x0000000082c00000, 0x0000000082c00000| Untracked 
|  27|0x0000000082d00000, 0x0000000082e00000, 0x0000000082e00000|100%| O|  |TAMS 0x0000000082d00000, 0x0000000082d00000| Untracked 
|  28|0x0000000082e00000, 0x0000000082f00000, 0x0000000082f00000|100%| O|  |TAMS 0x0000000082e00000, 0x0000000082e00000| Untracked 
|  29|0x0000000082f00000, 0x0000000083000000, 0x0000000083000000|100%| O|  |TAMS 0x0000000082f00000, 0x0000000082f00000| Untracked 
|  30|0x0000000083000000, 0x0000000083100000, 0x0000000083100000|100%| O|  |TAMS 0x0000000083000000, 0x0000000083000000| Untracked 
|  31|0x0000000083100000, 0x0000000083200000, 0x0000000083200000|100%| O|  |TAMS 0x0000000083100000, 0x0000000083100000| Untracked 
|  32|0x0000000083200000, 0x0000000083300000, 0x0000000083300000|100%| O|  |TAMS 0x0000000083200000, 0x0000000083200000| Untracked 
|  33|0x0000000083300000, 0x0000000083400000, 0x0000000083400000|100%| O|  |TAMS 0x0000000083300000, 0x0000000083300000| Untracked 
|  34|0x0000000083400000, 0x0000000083500000, 0x0000000083500000|100%| O|  |TAMS 0x0000000083400000, 0x0000000083400000| Untracked 
|  35|0x0000000083500000, 0x0000000083600000, 0x0000000083600000|100%| O|  |TAMS 0x0000000083500000, 0x0000000083500000| Untracked 
|  36|0x0000000083600000, 0x0000000083700000, 0x0000000083700000|100%| O|  |TAMS 0x0000000083600000, 0x0000000083600000| Untracked 
|  37|0x0000000083700000, 0x0000000083800000, 0x0000000083800000|100%| O|  |TAMS 0x0000000083700000, 0x0000000083700000| Untracked 
|  38|0x0000000083800000, 0x0000000083900000, 0x0000000083900000|100%| O|  |TAMS 0x0000000083800000, 0x0000000083800000| Untracked 
|  39|0x0000000083900000, 0x0000000083a00000, 0x0000000083a00000|100%| O|  |TAMS 0x0000000083900000, 0x0000000083900000| Untracked 
|  40|0x0000000083a00000, 0x0000000083b00000, 0x0000000083b00000|100%| O|  |TAMS 0x0000000083a00000, 0x0000000083a00000| Untracked 
|  41|0x0000000083b00000, 0x0000000083c00000, 0x0000000083c00000|100%| O|  |TAMS 0x0000000083b00000, 0x0000000083b00000| Untracked 
|  42|0x0000000083c00000, 0x0000000083d00000, 0x0000000083d00000|100%| O|  |TAMS 0x0000000083c00000, 0x0000000083c00000| Untracked 
|  43|0x0000000083d00000, 0x0000000083e00000, 0x0000000083e00000|100%| O|  |TAMS 0x0000000083d00000, 0x0000000083d00000| Untracked 
|  44|0x0000000083e00000, 0x0000000083f00000, 0x0000000083f00000|100%| O|  |TAMS 0x0000000083e00000, 0x0000000083e00000| Untracked 
|  45|0x0000000083f00000, 0x0000000084000000, 0x0000000084000000|100%| O|  |TAMS 0x0000000083f00000, 0x0000000083f00000| Untracked 
|  46|0x0000000084000000, 0x0000000084100000, 0x0000000084100000|100%| O|  |TAMS 0x0000000084000000, 0x0000000084000000| Untracked 
|  47|0x0000000084100000, 0x0000000084200000, 0x0000000084200000|100%| O|  |TAMS 0x0000000084100000, 0x0000000084100000| Untracked 
|  48|0x0000000084200000, 0x0000000084300000, 0x0000000084300000|100%| O|  |TAMS 0x0000000084200000, 0x0000000084200000| Untracked 
|  49|0x0000000084300000, 0x0000000084400000, 0x0000000084400000|100%| O|  |TAMS 0x0000000084300000, 0x0000000084300000| Untracked 
|  50|0x0000000084400000, 0x0000000084500000, 0x0000000084500000|100%| O|  |TAMS 0x0000000084400000, 0x0000000084400000| Untracked 
|  51|0x0000000084500000, 0x0000000084600000, 0x0000000084600000|100%| O|  |TAMS 0x0000000084500000, 0x0000000084500000| Untracked 
|  52|0x0000000084600000, 0x0000000084700000, 0x0000000084700000|100%| O|  |TAMS 0x0000000084600000, 0x0000000084600000| Untracked 
|  53|0x0000000084700000, 0x0000000084800000, 0x0000000084800000|100%| O|  |TAMS 0x0000000084700000, 0x0000000084700000| Untracked 
|  54|0x0000000084800000, 0x0000000084900000, 0x0000000084900000|100%| O|  |TAMS 0x0000000084800000, 0x0000000084800000| Untracked 
|  55|0x0000000084900000, 0x0000000084a00000, 0x0000000084a00000|100%| O|  |TAMS 0x0000000084900000, 0x0000000084900000| Untracked 
|  56|0x0000000084a00000, 0x0000000084b00000, 0x0000000084b00000|100%| O|  |TAMS 0x0000000084a00000, 0x0000000084a00000| Untracked 
|  57|0x0000000084b00000, 0x0000000084c00000, 0x0000000084c00000|100%| O|  |TAMS 0x0000000084b00000, 0x0000000084b00000| Untracked 
|  58|0x0000000084c00000, 0x0000000084d00000, 0x0000000084d00000|100%| O|  |TAMS 0x0000000084c00000, 0x0000000084c00000| Untracked 
|  59|0x0000000084d00000, 0x0000000084e00000, 0x0000000084e00000|100%| O|  |TAMS 0x0000000084d00000, 0x0000000084d00000| Untracked 
|  60|0x0000000084e00000, 0x0000000084e00000, 0x0000000084f00000|  0%| F|  |TAMS 0x0000000084e00000, 0x0000000084e00000| Untracked 
|  61|0x0000000084f00000, 0x0000000084f00000, 0x0000000085000000|  0%| F|  |TAMS 0x0000000084f00000, 0x0000000084f00000| Untracked 
|  62|0x0000000085000000, 0x0000000085000000, 0x0000000085100000|  0%| F|  |TAMS 0x0000000085000000, 0x0000000085000000| Untracked 
|  63|0x0000000085100000, 0x0000000085100000, 0x0000000085200000|  0%| F|  |TAMS 0x0000000085100000, 0x0000000085100000| Untracked 
|  64|0x0000000085200000, 0x0000000085200000, 0x0000000085300000|  0%| F|  |TAMS 0x0000000085200000, 0x0000000085200000| Untracked 
|  65|0x0000000085300000, 0x0000000085300000, 0x0000000085400000|  0%| F|  |TAMS 0x0000000085300000, 0x0000000085300000| Untracked 
|  66|0x0000000085400000, 0x0000000085400000, 0x0000000085500000|  0%| F|  |TAMS 0x0000000085400000, 0x0000000085400000| Untracked 
|  67|0x0000000085500000, 0x0000000085500000, 0x0000000085600000|  0%| F|  |TAMS 0x0000000085500000, 0x0000000085500000| Untracked 
|  68|0x0000000085600000, 0x0000000085600000, 0x0000000085700000|  0%| F|  |TAMS 0x0000000085600000, 0x0000000085600000| Untracked 
|  69|0x0000000085700000, 0x0000000085700000, 0x0000000085800000|  0%| F|  |TAMS 0x0000000085700000, 0x0000000085700000| Untracked 
|  70|0x0000000085800000, 0x0000000085800000, 0x0000000085900000|  0%| F|  |TAMS 0x0000000085800000, 0x0000000085800000| Untracked 
|  71|0x0000000085900000, 0x0000000085900000, 0x0000000085a00000|  0%| F|  |TAMS 0x0000000085900000, 0x0000000085900000| Untracked 
|  72|0x0000000085a00000, 0x0000000085a00000, 0x0000000085b00000|  0%| F|  |TAMS 0x0000000085a00000, 0x0000000085a00000| Untracked 
|  73|0x0000000085b00000, 0x0000000085b00000, 0x0000000085c00000|  0%| F|  |TAMS 0x0000000085b00000, 0x0000000085b00000| Untracked 
|  74|0x0000000085c00000, 0x0000000085c00000, 0x0000000085d00000|  0%| F|  |TAMS 0x0000000085c00000, 0x0000000085c00000| Untracked 
|  75|0x0000000085d00000, 0x0000000085d00000, 0x0000000085e00000|  0%| F|  |TAMS 0x0000000085d00000, 0x0000000085d00000| Untracked 
|  76|0x0000000085e00000, 0x0000000085e00000, 0x0000000085f00000|  0%| F|  |TAMS 0x0000000085e00000, 0x0000000085e00000| Untracked 
|  77|0x0000000085f00000, 0x0000000085f00000, 0x0000000086000000|  0%| F|  |TAMS 0x0000000085f00000, 0x0000000085f00000| Untracked 
|  78|0x0000000086000000, 0x0000000086000000, 0x0000000086100000|  0%| F|  |TAMS 0x0000000086000000, 0x0000000086000000| Untracked 
|  79|0x0000000086100000, 0x0000000086100000, 0x0000000086200000|  0%| F|  |TAMS 0x0000000086100000, 0x0000000086100000| Untracked 
|  80|0x0000000086200000, 0x0000000086200000, 0x0000000086300000|  0%| F|  |TAMS 0x0000000086200000, 0x0000000086200000| Untracked 
|  81|0x0000000086300000, 0x0000000086300000, 0x0000000086400000|  0%| F|  |TAMS 0x0000000086300000, 0x0000000086300000| Untracked 
|  82|0x0000000086400000, 0x0000000086400000, 0x0000000086500000|  0%| F|  |TAMS 0x0000000086400000, 0x0000000086400000| Untracked 
|  83|0x0000000086500000, 0x0000000086500000, 0x0000000086600000|  0%| F|  |TAMS 0x0000000086500000, 0x0000000086500000| Untracked 
|  84|0x0000000086600000, 0x0000000086600000, 0x0000000086700000|  0%| F|  |TAMS 0x0000000086600000, 0x0000000086600000| Untracked 
|  85|0x0000000086700000, 0x0000000086700000, 0x0000000086800000|  0%| F|  |TAMS 0x0000000086700000, 0x0000000086700000| Untracked 
|  86|0x0000000086800000, 0x0000000086800000, 0x0000000086900000|  0%| F|  |TAMS 0x0000000086800000, 0x0000000086800000| Untracked 
|  87|0x0000000086900000, 0x0000000086900000, 0x0000000086a00000|  0%| F|  |TAMS 0x0000000086900000, 0x0000000086900000| Untracked 
|  88|0x0000000086a00000, 0x0000000086a00000, 0x0000000086b00000|  0%| F|  |TAMS 0x0000000086a00000, 0x0000000086a00000| Untracked 
|  89|0x0000000086b00000, 0x0000000086b00000, 0x0000000086c00000|  0%| F|  |TAMS 0x0000000086b00000, 0x0000000086b00000| Untracked 
|  90|0x0000000086c00000, 0x0000000086c00000, 0x0000000086d00000|  0%| F|  |TAMS 0x0000000086c00000, 0x0000000086c00000| Untracked 
|  91|0x0000000086d00000, 0x0000000086d00000, 0x0000000086e00000|  0%| F|  |TAMS 0x0000000086d00000, 0x0000000086d00000| Untracked 
|  92|0x0000000086e00000, 0x0000000086e00000, 0x0000000086f00000|  0%| F|  |TAMS 0x0000000086e00000, 0x0000000086e00000| Untracked 
|  93|0x0000000086f00000, 0x0000000086f00000, 0x0000000087000000|  0%| F|  |TAMS 0x0000000086f00000, 0x0000000086f00000| Untracked 
|  94|0x0000000087000000, 0x0000000087000000, 0x0000000087100000|  0%| F|  |TAMS 0x0000000087000000, 0x0000000087000000| Untracked 
|  95|0x0000000087100000, 0x0000000087100000, 0x0000000087200000|  0%| F|  |TAMS 0x0000000087100000, 0x0000000087100000| Untracked 
|  96|0x0000000087200000, 0x0000000087200000, 0x0000000087300000|  0%| F|  |TAMS 0x0000000087200000, 0x0000000087200000| Untracked 
|  97|0x0000000087300000, 0x0000000087300000, 0x0000000087400000|  0%| F|  |TAMS 0x0000000087300000, 0x0000000087300000| Untracked 
|  98|0x0000000087400000, 0x0000000087400000, 0x0000000087500000|  0%| F|  |TAMS 0x0000000087400000, 0x0000000087400000| Untracked 
|  99|0x0000000087500000, 0x0000000087500000, 0x0000000087600000|  0%| F|  |TAMS 0x0000000087500000, 0x0000000087500000| Untracked 
| 100|0x0000000087600000, 0x0000000087600000, 0x0000000087700000|  0%| F|  |TAMS 0x0000000087600000, 0x0000000087600000| Untracked 
| 101|0x0000000087700000, 0x0000000087700000, 0x0000000087800000|  0%| F|  |TAMS 0x0000000087700000, 0x0000000087700000| Untracked 
| 102|0x0000000087800000, 0x0000000087800000, 0x0000000087900000|  0%| F|  |TAMS 0x0000000087800000, 0x0000000087800000| Untracked 
| 103|0x0000000087900000, 0x0000000087900000, 0x0000000087a00000|  0%| F|  |TAMS 0x0000000087900000, 0x0000000087900000| Untracked 
| 104|0x0000000087a00000, 0x0000000087a00000, 0x0000000087b00000|  0%| F|  |TAMS 0x0000000087a00000, 0x0000000087a00000| Untracked 
| 105|0x0000000087b00000, 0x0000000087b00000, 0x0000000087c00000|  0%| F|  |TAMS 0x0000000087b00000, 0x0000000087b00000| Untracked 
| 106|0x0000000087c00000, 0x0000000087c00000, 0x0000000087d00000|  0%| F|  |TAMS 0x0000000087c00000, 0x0000000087c00000| Untracked 
| 107|0x0000000087d00000, 0x0000000087d00000, 0x0000000087e00000|  0%| F|  |TAMS 0x0000000087d00000, 0x0000000087d00000| Untracked 
| 108|0x0000000087e00000, 0x0000000087e00000, 0x0000000087f00000|  0%| F|  |TAMS 0x0000000087e00000, 0x0000000087e00000| Untracked 
| 109|0x0000000087f00000, 0x0000000087f00000, 0x0000000088000000|  0%| F|  |TAMS 0x0000000087f00000, 0x0000000087f00000| Untracked 
| 110|0x0000000088000000, 0x0000000088000000, 0x0000000088100000|  0%| F|  |TAMS 0x0000000088000000, 0x0000000088000000| Untracked 
| 111|0x0000000088100000, 0x0000000088100000, 0x0000000088200000|  0%| F|  |TAMS 0x0000000088100000, 0x0000000088100000| Untracked 
| 112|0x0000000088200000, 0x0000000088200000, 0x0000000088300000|  0%| F|  |TAMS 0x0000000088200000, 0x0000000088200000| Untracked 
| 113|0x0000000088300000, 0x0000000088300000, 0x0000000088400000|  0%| F|  |TAMS 0x0000000088300000, 0x0000000088300000| Untracked 
| 114|0x0000000088400000, 0x0000000088400000, 0x0000000088500000|  0%| F|  |TAMS 0x0000000088400000, 0x0000000088400000| Untracked 
| 115|0x0000000088500000, 0x0000000088500000, 0x0000000088600000|  0%| F|  |TAMS 0x0000000088500000, 0x0000000088500000| Untracked 
| 116|0x0000000088600000, 0x0000000088600000, 0x0000000088700000|  0%| F|  |TAMS 0x0000000088600000, 0x0000000088600000| Untracked 
| 117|0x0000000088700000, 0x0000000088700000, 0x0000000088800000|  0%| F|  |TAMS 0x0000000088700000, 0x0000000088700000| Untracked 
| 118|0x0000000088800000, 0x0000000088800000, 0x0000000088900000|  0%| F|  |TAMS 0x0000000088800000, 0x0000000088800000| Untracked 
| 119|0x0000000088900000, 0x0000000088a00000, 0x0000000088a00000|100%| S|CS|TAMS 0x0000000088900000, 0x0000000088900000| Complete 
| 120|0x0000000088a00000, 0x0000000088b00000, 0x0000000088b00000|100%| S|CS|TAMS 0x0000000088a00000, 0x0000000088a00000| Complete 
| 121|0x0000000088b00000, 0x0000000088c00000, 0x0000000088c00000|100%| S|CS|TAMS 0x0000000088b00000, 0x0000000088b00000| Complete 
| 122|0x0000000088c00000, 0x0000000088d00000, 0x0000000088d00000|100%| S|CS|TAMS 0x0000000088c00000, 0x0000000088c00000| Complete 
| 123|0x0000000088d00000, 0x0000000088e00000, 0x0000000088e00000|100%| S|CS|TAMS 0x0000000088d00000, 0x0000000088d00000| Complete 
| 124|0x0000000088e00000, 0x0000000088f00000, 0x0000000088f00000|100%| S|CS|TAMS 0x0000000088e00000, 0x0000000088e00000| Complete 
| 125|0x0000000088f00000, 0x0000000089000000, 0x0000000089000000|100%| S|CS|TAMS 0x0000000088f00000, 0x0000000088f00000| Complete 
| 126|0x0000000089000000, 0x0000000089100000, 0x0000000089100000|100%| S|CS|TAMS 0x0000000089000000, 0x0000000089000000| Complete 
| 127|0x0000000089100000, 0x0000000089200000, 0x0000000089200000|100%| S|CS|TAMS 0x0000000089100000, 0x0000000089100000| Complete 
| 128|0x0000000089200000, 0x0000000089200000, 0x0000000089300000|  0%| F|  |TAMS 0x0000000089200000, 0x0000000089200000| Untracked 
| 129|0x0000000089300000, 0x0000000089300000, 0x0000000089400000|  0%| F|  |TAMS 0x0000000089300000, 0x0000000089300000| Untracked 
| 130|0x0000000089400000, 0x0000000089400000, 0x0000000089500000|  0%| F|  |TAMS 0x0000000089400000, 0x0000000089400000| Untracked 
| 131|0x0000000089500000, 0x0000000089500000, 0x0000000089600000|  0%| F|  |TAMS 0x0000000089500000, 0x0000000089500000| Untracked 
| 132|0x0000000089600000, 0x0000000089600000, 0x0000000089700000|  0%| F|  |TAMS 0x0000000089600000, 0x0000000089600000| Untracked 
| 133|0x0000000089700000, 0x0000000089700000, 0x0000000089800000|  0%| F|  |TAMS 0x0000000089700000, 0x0000000089700000| Untracked 
| 134|0x0000000089800000, 0x0000000089800000, 0x0000000089900000|  0%| F|  |TAMS 0x0000000089800000, 0x0000000089800000| Untracked 
| 135|0x0000000089900000, 0x0000000089900000, 0x0000000089a00000|  0%| F|  |TAMS 0x0000000089900000, 0x0000000089900000| Untracked 
| 136|0x0000000089a00000, 0x0000000089a00000, 0x0000000089b00000|  0%| F|  |TAMS 0x0000000089a00000, 0x0000000089a00000| Untracked 
| 137|0x0000000089b00000, 0x0000000089b80800, 0x0000000089c00000| 50%| E|  |TAMS 0x0000000089b00000, 0x0000000089b00000| Complete 
| 138|0x0000000089c00000, 0x0000000089d00000, 0x0000000089d00000|100%| E|CS|TAMS 0x0000000089c00000, 0x0000000089c00000| Complete 
| 139|0x0000000089d00000, 0x0000000089e00000, 0x0000000089e00000|100%| E|CS|TAMS 0x0000000089d00000, 0x0000000089d00000| Complete 
| 140|0x0000000089e00000, 0x0000000089f00000, 0x0000000089f00000|100%| E|CS|TAMS 0x0000000089e00000, 0x0000000089e00000| Complete 
| 141|0x0000000089f00000, 0x000000008a000000, 0x000000008a000000|100%| E|CS|TAMS 0x0000000089f00000, 0x0000000089f00000| Complete 
| 142|0x000000008a000000, 0x000000008a100000, 0x000000008a100000|100%| E|CS|TAMS 0x000000008a000000, 0x000000008a000000| Complete 
| 143|0x000000008a100000, 0x000000008a200000, 0x000000008a200000|100%| E|CS|TAMS 0x000000008a100000, 0x000000008a100000| Complete 
| 144|0x000000008a200000, 0x000000008a300000, 0x000000008a300000|100%| E|CS|TAMS 0x000000008a200000, 0x000000008a200000| Complete 
| 145|0x000000008a300000, 0x000000008a400000, 0x000000008a400000|100%| E|CS|TAMS 0x000000008a300000, 0x000000008a300000| Complete 
| 146|0x000000008a400000, 0x000000008a500000, 0x000000008a500000|100%| E|CS|TAMS 0x000000008a400000, 0x000000008a400000| Complete 
| 147|0x000000008a500000, 0x000000008a600000, 0x000000008a600000|100%| E|CS|TAMS 0x000000008a500000, 0x000000008a500000| Complete 
| 148|0x000000008a600000, 0x000000008a700000, 0x000000008a700000|100%| E|CS|TAMS 0x000000008a600000, 0x000000008a600000| Complete 
| 149|0x000000008a700000, 0x000000008a800000, 0x000000008a800000|100%| E|CS|TAMS 0x000000008a700000, 0x000000008a700000| Complete 
| 150|0x000000008a800000, 0x000000008a900000, 0x000000008a900000|100%| E|CS|TAMS 0x000000008a800000, 0x000000008a800000| Complete 
| 151|0x000000008a900000, 0x000000008aa00000, 0x000000008aa00000|100%| E|CS|TAMS 0x000000008a900000, 0x000000008a900000| Complete 
| 152|0x000000008aa00000, 0x000000008ab00000, 0x000000008ab00000|100%| E|CS|TAMS 0x000000008aa00000, 0x000000008aa00000| Complete 
| 153|0x000000008ab00000, 0x000000008ac00000, 0x000000008ac00000|100%| E|CS|TAMS 0x000000008ab00000, 0x000000008ab00000| Complete 
| 154|0x000000008ac00000, 0x000000008ad00000, 0x000000008ad00000|100%| E|CS|TAMS 0x000000008ac00000, 0x000000008ac00000| Complete 
| 155|0x000000008ad00000, 0x000000008ae00000, 0x000000008ae00000|100%| E|CS|TAMS 0x000000008ad00000, 0x000000008ad00000| Complete 
| 156|0x000000008ae00000, 0x000000008af00000, 0x000000008af00000|100%| E|CS|TAMS 0x000000008ae00000, 0x000000008ae00000| Complete 
| 157|0x000000008af00000, 0x000000008b000000, 0x000000008b000000|100%| E|CS|TAMS 0x000000008af00000, 0x000000008af00000| Complete 
| 158|0x000000008b000000, 0x000000008b100000, 0x000000008b100000|100%| E|CS|TAMS 0x000000008b000000, 0x000000008b000000| Complete 
| 159|0x000000008b100000, 0x000000008b200000, 0x000000008b200000|100%| E|CS|TAMS 0x000000008b100000, 0x000000008b100000| Complete 
| 160|0x000000008b200000, 0x000000008b300000, 0x000000008b300000|100%| E|CS|TAMS 0x000000008b200000, 0x000000008b200000| Complete 
| 161|0x000000008b300000, 0x000000008b400000, 0x000000008b400000|100%| E|CS|TAMS 0x000000008b300000, 0x000000008b300000| Complete 
| 162|0x000000008b400000, 0x000000008b500000, 0x000000008b500000|100%| E|CS|TAMS 0x000000008b400000, 0x000000008b400000| Complete 
| 163|0x000000008b500000, 0x000000008b600000, 0x000000008b600000|100%| E|CS|TAMS 0x000000008b500000, 0x000000008b500000| Complete 
| 164|0x000000008b600000, 0x000000008b700000, 0x000000008b700000|100%| E|CS|TAMS 0x000000008b600000, 0x000000008b600000| Complete 
| 165|0x000000008b700000, 0x000000008b800000, 0x000000008b800000|100%| E|CS|TAMS 0x000000008b700000, 0x000000008b700000| Complete 
| 166|0x000000008b800000, 0x000000008b900000, 0x000000008b900000|100%| E|CS|TAMS 0x000000008b800000, 0x000000008b800000| Complete 
| 167|0x000000008b900000, 0x000000008ba00000, 0x000000008ba00000|100%| E|CS|TAMS 0x000000008b900000, 0x000000008b900000| Complete 
| 168|0x000000008ba00000, 0x000000008bb00000, 0x000000008bb00000|100%| E|CS|TAMS 0x000000008ba00000, 0x000000008ba00000| Complete 
| 169|0x000000008bb00000, 0x000000008bc00000, 0x000000008bc00000|100%| E|CS|TAMS 0x000000008bb00000, 0x000000008bb00000| Complete 
| 170|0x000000008bc00000, 0x000000008bd00000, 0x000000008bd00000|100%| E|CS|TAMS 0x000000008bc00000, 0x000000008bc00000| Complete 
| 171|0x000000008bd00000, 0x000000008be00000, 0x000000008be00000|100%| E|CS|TAMS 0x000000008bd00000, 0x000000008bd00000| Complete 
| 172|0x000000008be00000, 0x000000008bf00000, 0x000000008bf00000|100%| E|CS|TAMS 0x000000008be00000, 0x000000008be00000| Complete 
| 173|0x000000008bf00000, 0x000000008c000000, 0x000000008c000000|100%| E|CS|TAMS 0x000000008bf00000, 0x000000008bf00000| Complete 
| 174|0x000000008c000000, 0x000000008c100000, 0x000000008c100000|100%| E|CS|TAMS 0x000000008c000000, 0x000000008c000000| Complete 
| 175|0x000000008c100000, 0x000000008c200000, 0x000000008c200000|100%| E|CS|TAMS 0x000000008c100000, 0x000000008c100000| Complete 
| 176|0x000000008c200000, 0x000000008c300000, 0x000000008c300000|100%| E|CS|TAMS 0x000000008c200000, 0x000000008c200000| Complete 
| 177|0x000000008c300000, 0x000000008c400000, 0x000000008c400000|100%| E|CS|TAMS 0x000000008c300000, 0x000000008c300000| Complete 
| 178|0x000000008c400000, 0x000000008c500000, 0x000000008c500000|100%| E|CS|TAMS 0x000000008c400000, 0x000000008c400000| Complete 
| 179|0x000000008c500000, 0x000000008c600000, 0x000000008c600000|100%| E|CS|TAMS 0x000000008c500000, 0x000000008c500000| Complete 
| 180|0x000000008c600000, 0x000000008c700000, 0x000000008c700000|100%| E|CS|TAMS 0x000000008c600000, 0x000000008c600000| Complete 
| 181|0x000000008c700000, 0x000000008c800000, 0x000000008c800000|100%| E|CS|TAMS 0x000000008c700000, 0x000000008c700000| Complete 
| 182|0x000000008c800000, 0x000000008c900000, 0x000000008c900000|100%| E|CS|TAMS 0x000000008c800000, 0x000000008c800000| Complete 
| 183|0x000000008c900000, 0x000000008ca00000, 0x000000008ca00000|100%| E|CS|TAMS 0x000000008c900000, 0x000000008c900000| Complete 
| 184|0x000000008ca00000, 0x000000008cb00000, 0x000000008cb00000|100%| E|CS|TAMS 0x000000008ca00000, 0x000000008ca00000| Complete 
| 185|0x000000008cb00000, 0x000000008cc00000, 0x000000008cc00000|100%| E|CS|TAMS 0x000000008cb00000, 0x000000008cb00000| Complete 
| 186|0x000000008cc00000, 0x000000008cd00000, 0x000000008cd00000|100%| E|CS|TAMS 0x000000008cc00000, 0x000000008cc00000| Complete 
| 187|0x000000008cd00000, 0x000000008ce00000, 0x000000008ce00000|100%| E|CS|TAMS 0x000000008cd00000, 0x000000008cd00000| Complete 
| 188|0x000000008ce00000, 0x000000008cf00000, 0x000000008cf00000|100%| E|CS|TAMS 0x000000008ce00000, 0x000000008ce00000| Complete 
| 189|0x000000008cf00000, 0x000000008d000000, 0x000000008d000000|100%| E|CS|TAMS 0x000000008cf00000, 0x000000008cf00000| Complete 
| 190|0x000000008d000000, 0x000000008d100000, 0x000000008d100000|100%| E|CS|TAMS 0x000000008d000000, 0x000000008d000000| Complete 
| 191|0x000000008d100000, 0x000000008d200000, 0x000000008d200000|100%| E|CS|TAMS 0x000000008d100000, 0x000000008d100000| Complete 
| 192|0x000000008d200000, 0x000000008d300000, 0x000000008d300000|100%| E|CS|TAMS 0x000000008d200000, 0x000000008d200000| Complete 
| 193|0x000000008d300000, 0x000000008d400000, 0x000000008d400000|100%| E|CS|TAMS 0x000000008d300000, 0x000000008d300000| Complete 
| 194|0x000000008d400000, 0x000000008d500000, 0x000000008d500000|100%| E|CS|TAMS 0x000000008d400000, 0x000000008d400000| Complete 
| 195|0x000000008d500000, 0x000000008d600000, 0x000000008d600000|100%| E|CS|TAMS 0x000000008d500000, 0x000000008d500000| Complete 
| 196|0x000000008d600000, 0x000000008d700000, 0x000000008d700000|100%| E|CS|TAMS 0x000000008d600000, 0x000000008d600000| Complete 
| 197|0x000000008d700000, 0x000000008d800000, 0x000000008d800000|100%| E|CS|TAMS 0x000000008d700000, 0x000000008d700000| Complete 
| 198|0x000000008d800000, 0x000000008d900000, 0x000000008d900000|100%| E|CS|TAMS 0x000000008d800000, 0x000000008d800000| Complete 
| 199|0x000000008d900000, 0x000000008da00000, 0x000000008da00000|100%| E|CS|TAMS 0x000000008d900000, 0x000000008d900000| Complete 
| 200|0x000000008da00000, 0x000000008db00000, 0x000000008db00000|100%| E|CS|TAMS 0x000000008da00000, 0x000000008da00000| Complete 
| 201|0x000000008db00000, 0x000000008dc00000, 0x000000008dc00000|100%| E|CS|TAMS 0x000000008db00000, 0x000000008db00000| Complete 
| 202|0x000000008dc00000, 0x000000008dd00000, 0x000000008dd00000|100%| E|CS|TAMS 0x000000008dc00000, 0x000000008dc00000| Complete 
| 203|0x000000008dd00000, 0x000000008de00000, 0x000000008de00000|100%| E|CS|TAMS 0x000000008dd00000, 0x000000008dd00000| Complete 
| 204|0x000000008de00000, 0x000000008df00000, 0x000000008df00000|100%| E|CS|TAMS 0x000000008de00000, 0x000000008de00000| Complete 
| 205|0x000000008df00000, 0x000000008e000000, 0x000000008e000000|100%| E|CS|TAMS 0x000000008df00000, 0x000000008df00000| Complete 
| 206|0x000000008e000000, 0x000000008e100000, 0x000000008e100000|100%| E|CS|TAMS 0x000000008e000000, 0x000000008e000000| Complete 
| 207|0x000000008e100000, 0x000000008e200000, 0x000000008e200000|100%| E|CS|TAMS 0x000000008e100000, 0x000000008e100000| Complete 
| 208|0x000000008e200000, 0x000000008e300000, 0x000000008e300000|100%| E|CS|TAMS 0x000000008e200000, 0x000000008e200000| Complete 
| 209|0x000000008e300000, 0x000000008e400000, 0x000000008e400000|100%| E|CS|TAMS 0x000000008e300000, 0x000000008e300000| Complete 
| 210|0x000000008e400000, 0x000000008e500000, 0x000000008e500000|100%| E|CS|TAMS 0x000000008e400000, 0x000000008e400000| Complete 
| 211|0x000000008e500000, 0x000000008e600000, 0x000000008e600000|100%| E|CS|TAMS 0x000000008e500000, 0x000000008e500000| Complete 
| 212|0x000000008e600000, 0x000000008e700000, 0x000000008e700000|100%| E|CS|TAMS 0x000000008e600000, 0x000000008e600000| Complete 
| 213|0x000000008e700000, 0x000000008e800000, 0x000000008e800000|100%| E|CS|TAMS 0x000000008e700000, 0x000000008e700000| Complete 
| 214|0x000000008e800000, 0x000000008e900000, 0x000000008e900000|100%| E|CS|TAMS 0x000000008e800000, 0x000000008e800000| Complete 
| 215|0x000000008e900000, 0x000000008ea00000, 0x000000008ea00000|100%| E|CS|TAMS 0x000000008e900000, 0x000000008e900000| Complete 
| 216|0x000000008ea00000, 0x000000008eb00000, 0x000000008eb00000|100%| E|CS|TAMS 0x000000008ea00000, 0x000000008ea00000| Complete 
| 217|0x000000008eb00000, 0x000000008ec00000, 0x000000008ec00000|100%| E|CS|TAMS 0x000000008eb00000, 0x000000008eb00000| Complete 
| 218|0x000000008ec00000, 0x000000008ed00000, 0x000000008ed00000|100%| E|CS|TAMS 0x000000008ec00000, 0x000000008ec00000| Complete 
| 219|0x000000008ed00000, 0x000000008ee00000, 0x000000008ee00000|100%| E|CS|TAMS 0x000000008ed00000, 0x000000008ed00000| Complete 
| 220|0x000000008ee00000, 0x000000008ef00000, 0x000000008ef00000|100%| E|CS|TAMS 0x000000008ee00000, 0x000000008ee00000| Complete 
| 221|0x000000008ef00000, 0x000000008f000000, 0x000000008f000000|100%| E|CS|TAMS 0x000000008ef00000, 0x000000008ef00000| Complete 

Card table byte_map: [0x000001fcf8e80000,0x000001fcf9280000] _byte_map_base: 0x000001fcf8a77000

Marking Bits (Prev, Next): (CMBitMap*) 0x000001fcf83b1978, (CMBitMap*) 0x000001fcf83b19b0
 Prev Bits: [0x000001fcf9680000, 0x000001fcfb638000)
 Next Bits: [0x000001fcfb640000, 0x000001fcfd5f8000)

Polling page: 0x000001fcf6ae0000

Metaspace:

Usage:
  Non-class:      7.50 MB capacity,     7.45 MB (>99%) used,    42.91 KB ( <1%) free+waste,     6.25 KB ( <1%) overhead. 
      Class:    778.00 KB capacity,   743.95 KB ( 96%) used,    31.23 KB (  4%) free+waste,     2.81 KB ( <1%) overhead. 
       Both:      8.26 MB capacity,     8.18 MB (>99%) used,    74.14 KB ( <1%) free+waste,     9.06 KB ( <1%) overhead. 

Virtual space:
  Non-class space:        8.00 MB reserved,       7.50 MB ( 94%) committed 
      Class space:        1.00 GB reserved,     896.00 KB ( <1%) committed 
             Both:        1.01 GB reserved,       8.38 MB ( <1%) committed 

Chunk freelists:
   Non-Class:  256 bytes
       Class:  2.75 KB
        Both:  3.00 KB

CodeHeap 'non-profiled nmethods': size=120064Kb used=286Kb max_used=286Kb free=119777Kb
 bounds [0x000001fc8fdf0000, 0x000001fc90060000, 0x000001fc97330000]
CodeHeap 'profiled nmethods': size=120000Kb used=1094Kb max_used=1094Kb free=118906Kb
 bounds [0x000001fc888c0000, 0x000001fc88b30000, 0x000001fc8fdf0000]
CodeHeap 'non-nmethods': size=5696Kb used=1081Kb max_used=1089Kb free=4614Kb
 bounds [0x000001fc88330000, 0x000001fc885a0000, 0x000001fc888c0000]
 total_blobs=1007 nmethods=627 adapters=292
 compilation: enabled
              stopped_count=0, restarted_count=0
 full_count=0

Compilation events (10 events):
Event: 9.625 Thread 0x000001fc97bad000 nmethod 624 0x000001fc889cdb10 code [0x000001fc889cdcc0, 0x000001fc889cde98]
Event: 9.645 Thread 0x000001fc97bad000  625       3       java.util.concurrent.ConcurrentHashMap$Traverser::advance (188 bytes)
Event: 9.646 Thread 0x000001fc97bad000 nmethod 625 0x000001fc889cdf10 code [0x000001fc889ce160, 0x000001fc889cef60]
Event: 9.661 Thread 0x000001fc97bad000  627       1       java.lang.reflect.Method::getName (5 bytes)
Event: 9.661 Thread 0x000001fc97bad000 nmethod 627 0x000001fc8fe37390 code [0x000001fc8fe37520, 0x000001fc8fe37638]
Event: 9.661 Thread 0x000001fc97bad000  628       3       java.lang.invoke.MethodType$ConcurrentWeakInternSet$WeakEntry::equals (49 bytes)
Event: 9.662 Thread 0x000001fc97bad000 nmethod 628 0x000001fc889cf290 code [0x000001fc889cf460, 0x000001fc889cfb10]
Event: 9.662 Thread 0x000001fc97bad000  629       3       java.lang.invoke.MethodTypeForm::canonicalize (64 bytes)
Event: 9.663 Thread 0x000001fc97bad000 nmethod 629 0x000001fc889cfc10 code [0x000001fc889cfde0, 0x000001fc889d0130]
Event: 9.663 Thread 0x000001fc97bad000  630       3       java.lang.invoke.MethodType$ConcurrentWeakInternSet::add (66 bytes)

GC Heap History (10 events):
Event: 2.658 GC heap before
{Heap before GC invocations=5 (full 0):
 garbage-first heap   total 165888K, used 113288K [0x0000000081200000, 0x0000000100000000)
  region size 1024K, 88 young (90112K), 7 survivors (7168K)
 Metaspace       used 6167K, capacity 6259K, committed 6528K, reserved 1056768K
  class space    used 521K, capacity 533K, committed 640K, reserved 1048576K
}
Event: 2.673 GC heap after
{Heap after GC invocations=6 (full 0):
 garbage-first heap   total 165888K, used 38311K [0x0000000081200000, 0x0000000100000000)
  region size 1024K, 8 young (8192K), 8 survivors (8192K)
 Metaspace       used 6167K, capacity 6259K, committed 6528K, reserved 1056768K
  class space    used 521K, capacity 533K, committed 640K, reserved 1048576K
}
Event: 2.867 GC heap before
{Heap before GC invocations=6 (full 0):
 garbage-first heap   total 165888K, used 122279K [0x0000000081200000, 0x0000000100000000)
  region size 1024K, 90 young (92160K), 8 survivors (8192K)
 Metaspace       used 6167K, capacity 6259K, committed 6528K, reserved 1056768K
  class space    used 521K, capacity 533K, committed 640K, reserved 1048576K
}
Event: 2.883 GC heap after
{Heap after GC invocations=7 (full 0):
 garbage-first heap   total 165888K, used 46022K [0x0000000081200000, 0x0000000100000000)
  region size 1024K, 8 young (8192K), 8 survivors (8192K)
 Metaspace       used 6167K, capacity 6259K, committed 6528K, reserved 1056768K
  class space    used 521K, capacity 533K, committed 640K, reserved 1048576K
}
Event: 3.044 GC heap before
{Heap before GC invocations=7 (full 0):
 garbage-first heap   total 165888K, used 126918K [0x0000000081200000, 0x0000000100000000)
  region size 1024K, 87 young (89088K), 8 survivors (8192K)
 Metaspace       used 6184K, capacity 6259K, committed 6528K, reserved 1056768K
  class space    used 521K, capacity 533K, committed 640K, reserved 1048576K
}
Event: 3.059 GC heap after
{Heap after GC invocations=8 (full 0):
 garbage-first heap   total 165888K, used 54731K [0x0000000081200000, 0x0000000100000000)
  region size 1024K, 8 young (8192K), 8 survivors (8192K)
 Metaspace       used 6184K, capacity 6259K, committed 6528K, reserved 1056768K
  class space    used 521K, capacity 533K, committed 640K, reserved 1048576K
}
Event: 3.227 GC heap before
{Heap before GC invocations=8 (full 0):
 garbage-first heap   total 165888K, used 129483K [0x0000000081200000, 0x0000000100000000)
  region size 1024K, 81 young (82944K), 8 survivors (8192K)
 Metaspace       used 6185K, capacity 6259K, committed 6528K, reserved 1056768K
  class space    used 521K, capacity 533K, committed 640K, reserved 1048576K
}
Event: 3.241 GC heap after
{Heap after GC invocations=9 (full 0):
 garbage-first heap   total 227328K, used 61907K [0x0000000081200000, 0x0000000100000000)
  region size 1024K, 8 young (8192K), 8 survivors (8192K)
 Metaspace       used 6185K, capacity 6259K, committed 6528K, reserved 1056768K
  class space    used 521K, capacity 533K, committed 640K, reserved 1048576K
}
Event: 3.549 GC heap before
{Heap before GC invocations=9 (full 0):
 garbage-first heap   total 227328K, used 158163K [0x0000000081200000, 0x0000000100000000)
  region size 1024K, 102 young (104448K), 8 survivors (8192K)
 Metaspace       used 6188K, capacity 6259K, committed 6528K, reserved 1056768K
  class space    used 521K, capacity 533K, committed 640K, reserved 1048576K
}
Event: 3.571 GC heap after
{Heap after GC invocations=10 (full 0):
 garbage-first heap   total 227328K, used 70656K [0x0000000081200000, 0x0000000100000000)
  region size 1024K, 9 young (9216K), 9 survivors (9216K)
 Metaspace       used 6188K, capacity 6259K, committed 6528K, reserved 1056768K
  class space    used 521K, capacity 533K, committed 640K, reserved 1048576K
}

Deoptimization events (10 events):
Event: 1.014 Thread 0x000001fcf8372800 Uncommon trap: reason=intrinsic_or_type_checked_inlining action=make_not_entrant pc=0x000001fc8fe07cf8 method=java.util.ArrayList$SubList.toArray([Ljava/lang/Object;)[Ljava/lang/Object; @ 58 c2
Event: 1.079 Thread 0x000001fcf8372800 Uncommon trap: reason=intrinsic_or_type_checked_inlining action=make_not_entrant pc=0x000001fc8fe09e7c method=java.util.ArrayList$SubList.toArray([Ljava/lang/Object;)[Ljava/lang/Object; @ 58 c2
Event: 3.717 Thread 0x000001fcf8372800 Uncommon trap: reason=range_check action=reinterpret pc=0x000001fc8fdfc088 method=java.lang.StringLatin1.indexOf([BII)I @ 13 c2
Event: 3.737 Thread 0x000001fcf8372800 Uncommon trap: reason=unstable_if action=reinterpret pc=0x000001fc8fe07198 method=java.util.Arrays.copyOf([Ljava/lang/Object;ILjava/lang/Class;)[Ljava/lang/Object; @ 3 c2
Event: 3.753 Thread 0x000001fcf8372800 Uncommon trap: reason=unstable_if action=reinterpret pc=0x000001fc8fe0c28c method=java.io.BufferedReader.readLine(Z)Ljava/lang/String; @ 160 c2
Event: 3.764 Thread 0x000001fcf8372800 Uncommon trap: reason=range_check action=reinterpret pc=0x000001fc8fe01ee4 method=java.lang.StringLatin1.indexOf([BII)I @ 13 c2
Event: 3.775 Thread 0x000001fcf8372800 Uncommon trap: reason=unstable_if action=reinterpret pc=0x000001fc8fe03344 method=java.lang.CharacterDataLatin1.digit(II)I @ 12 c2
Event: 9.599 Thread 0x000001fc989fe000 Uncommon trap: reason=class_check action=maybe_recompile pc=0x000001fc8fe23ba0 method=sun.nio.cs.SingleByte.withResult(Ljava/nio/charset/CoderResult;Ljava/nio/Buffer;ILjava/nio/Buffer;I)Ljava/nio/charset/CoderResult; @ 3 c2
Event: 9.600 Thread 0x000001fc989fe000 Uncommon trap: reason=class_check action=maybe_recompile pc=0x000001fc8fe23ba0 method=sun.nio.cs.SingleByte.withResult(Ljava/nio/charset/CoderResult;Ljava/nio/Buffer;ILjava/nio/Buffer;I)Ljava/nio/charset/CoderResult; @ 3 c2
Event: 9.601 Thread 0x000001fcf8372800 Uncommon trap: reason=unstable_if action=reinterpret pc=0x000001fc8fe37014 method=org.rosuda.JRI.Rengine.<init>([Ljava/lang/String;ZLorg/rosuda/JRI/RMainLoopCallbacks;)V @ 85 c2

Classes redefined (0 events):
No events

Internal exceptions (0 events):
No events

Events (10 events):
Event: 9.659 loading class java/util/Random done
Event: 9.659 loading class java/util/concurrent/ThreadLocalRandom done
Event: 9.660 loading class java/lang/invoke/VarHandleLongs$FieldInstanceReadWrite
Event: 9.660 loading class java/lang/invoke/VarHandleLongs$FieldInstanceReadOnly
Event: 9.660 loading class java/lang/invoke/VarHandleLongs$FieldInstanceReadOnly done
Event: 9.660 loading class java/lang/invoke/VarHandleLongs$FieldInstanceReadWrite done
Event: 9.661 loading class java/util/concurrent/atomic/Striped64$1
Event: 9.662 loading class java/util/concurrent/atomic/Striped64$1 done
Event: 9.662 loading class java/net/InetAddress$CachedLocalHost
Event: 9.663 loading class java/net/InetAddress$CachedLocalHost done


Dynamic libraries:
0x00007ff6f5b60000 - 0x00007ff6f5b6f000 	C:\Program Files\Java\jdk-11.0.8\bin\javaw.exe
0x00007ff9ac4d0000 - 0x00007ff9ac6c5000 	C:\Windows\SYSTEM32\ntdll.dll
0x00007ff9aab30000 - 0x00007ff9aabed000 	C:\Windows\System32\KERNEL32.DLL
0x00007ff9a9fb0000 - 0x00007ff9aa278000 	C:\Windows\System32\KERNELBASE.dll
0x00007ff9a9eb0000 - 0x00007ff9a9fb0000 	C:\Windows\System32\ucrtbase.dll
0x00007ff99b370000 - 0x00007ff99b388000 	C:\Program Files\Java\jdk-11.0.8\bin\jli.dll
0x00007ff9aa5e0000 - 0x00007ff9aa68c000 	C:\Windows\System32\ADVAPI32.dll
0x00007ff9aa830000 - 0x00007ff9aa8ce000 	C:\Windows\System32\msvcrt.dll
0x00007ff9ab0f0000 - 0x00007ff9ab18b000 	C:\Windows\System32\sechost.dll
0x00007ff9ab580000 - 0x00007ff9ab6ab000 	C:\Windows\System32\RPCRT4.dll
0x00007ff9ab1c0000 - 0x00007ff9ab360000 	C:\Windows\System32\USER32.dll
0x00007ff9a9e20000 - 0x00007ff9a9e42000 	C:\Windows\System32\win32u.dll
0x00007ff9aa550000 - 0x00007ff9aa57a000 	C:\Windows\System32\GDI32.dll
0x00007ff9a9d10000 - 0x00007ff9a9e1b000 	C:\Windows\System32\gdi32full.dll
0x00007ff9aa3e0000 - 0x00007ff9aa47d000 	C:\Windows\System32\msvcp_win.dll
0x00007ff995b80000 - 0x00007ff995b95000 	C:\Program Files\Java\jdk-11.0.8\bin\VCRUNTIME140.dll
0x00007ff997fe0000 - 0x00007ff99827a000 	C:\Windows\WinSxS\amd64_microsoft.windows.common-controls_6595b64144ccf1df_6.0.19041.844_none_ca00b6081b84eb1d\COMCTL32.dll
0x00007ff9a23e0000 - 0x00007ff9a23ea000 	C:\Windows\SYSTEM32\VERSION.dll
0x00007ff9ab360000 - 0x00007ff9ab390000 	C:\Windows\System32\IMM32.DLL
0x00007ff985620000 - 0x00007ff9856bb000 	C:\Program Files\Java\jdk-11.0.8\bin\msvcp140.dll
0x00007ff9705b0000 - 0x00007ff971096000 	C:\Program Files\Java\jdk-11.0.8\bin\server\jvm.dll
0x00007ff9ab190000 - 0x00007ff9ab198000 	C:\Windows\System32\PSAPI.DLL
0x00007ff995a60000 - 0x00007ff995a69000 	C:\Windows\SYSTEM32\WSOCK32.dll
0x00007ff9ab080000 - 0x00007ff9ab0eb000 	C:\Windows\System32\WS2_32.dll
0x00007ff99e860000 - 0x00007ff99e887000 	C:\Windows\SYSTEM32\WINMM.dll
0x00007ff9a8530000 - 0x00007ff9a8542000 	C:\Windows\SYSTEM32\kernel.appcore.dll
0x00007ff9a0ed0000 - 0x00007ff9a0ee0000 	C:\Program Files\Java\jdk-11.0.8\bin\verify.dll
0x00007ff9a7a50000 - 0x00007ff9a7c34000 	C:\Windows\SYSTEM32\DBGHELP.DLL
0x00007ff995180000 - 0x00007ff9951ac000 	C:\Windows\SYSTEM32\dbgcore.DLL
0x00007ff9aa4b0000 - 0x00007ff9aa530000 	C:\Windows\System32\bcryptPrimitives.dll
0x00007ff988790000 - 0x00007ff9887b8000 	C:\Program Files\Java\jdk-11.0.8\bin\java.dll
0x00007ff9a0e70000 - 0x00007ff9a0e7a000 	C:\Program Files\Java\jdk-11.0.8\bin\jimage.dll
0x00007ff98c4a0000 - 0x00007ff98c4b6000 	C:\Program Files\Java\jdk-11.0.8\bin\zip.dll
0x00007ff9abc50000 - 0x00007ff9ac392000 	C:\Windows\System32\SHELL32.dll
0x00007ff9a7c40000 - 0x00007ff9a83d0000 	C:\Windows\SYSTEM32\windows.storage.dll
0x00007ff9aad20000 - 0x00007ff9ab075000 	C:\Windows\System32\combase.dll
0x00007ff9a95b0000 - 0x00007ff9a95dc000 	C:\Windows\SYSTEM32\Wldp.dll
0x00007ff9ab470000 - 0x00007ff9ab51e000 	C:\Windows\System32\SHCORE.dll
0x00007ff9ab780000 - 0x00007ff9ab7d5000 	C:\Windows\System32\shlwapi.dll
0x00007ff9a9b50000 - 0x00007ff9a9b6f000 	C:\Windows\SYSTEM32\profapi.dll
0x00007ff988560000 - 0x00007ff988579000 	C:\Program Files\Java\jdk-11.0.8\bin\net.dll
0x00007ff9a00f0000 - 0x00007ff9a01fb000 	C:\Windows\SYSTEM32\WINHTTP.dll
0x00007ff9a9320000 - 0x00007ff9a938a000 	C:\Windows\system32\mswsock.dll
0x00007ff9883a0000 - 0x00007ff9883b2000 	C:\Program Files\Java\jdk-11.0.8\bin\nio.dll
0x0000000062d80000 - 0x0000000062d97000 	C:\Users\vinim\Documents\R\win-library\3.6\rJava\jri\x64\jri.dll
0x000000006c700000 - 0x000000006e59e000 	C:\Program Files\R\R-3.5.3\bin\x64\R.dll
0x0000000064e80000 - 0x0000000064ed2000 	C:\Program Files\R\R-3.5.3\bin\x64\Rblas.dll
0x00000000641c0000 - 0x00000000641d6000 	C:\Program Files\R\R-3.5.3\bin\x64\Riconv.dll
0x0000000063540000 - 0x00000000635a1000 	C:\Program Files\R\R-3.5.3\bin\x64\Rgraphapp.dll
0x00007ff9ab390000 - 0x00007ff9ab46a000 	C:\Windows\System32\comdlg32.dll
0x00007ff9983c0000 - 0x00007ff9983c7000 	C:\Windows\SYSTEM32\MSIMG32.dll
0x00007ff996c90000 - 0x00007ff996d3c000 	C:\Windows\SYSTEM32\TextShaping.dll
0x00007ff9a70d0000 - 0x00007ff9a716e000 	C:\Windows\system32\uxtheme.dll
0x00007ff9aa710000 - 0x00007ff9aa825000 	C:\Windows\System32\MSCTF.dll
0x00007ff9ab6b0000 - 0x00007ff9ab77d000 	C:\Windows\System32\OLEAUT32.dll
0x00007ff99e2b0000 - 0x00007ff99e3a9000 	C:\Windows\SYSTEM32\textinputframework.dll
0x00007ff9a64c0000 - 0x00007ff9a681e000 	C:\Windows\System32\CoreUIComponents.dll
0x00007ff9a6920000 - 0x00007ff9a6a12000 	C:\Windows\System32\CoreMessaging.dll
0x00007ff9a8950000 - 0x00007ff9a8983000 	C:\Windows\SYSTEM32\ntmarta.dll
0x00007ff9a5ba0000 - 0x00007ff9a5cf4000 	C:\Windows\SYSTEM32\wintypes.dll
0x00007ff9970a0000 - 0x00007ff997106000 	C:\Windows\system32\Oleacc.dll
0x00007ff9aabf0000 - 0x00007ff9aad1a000 	C:\Windows\System32\ole32.dll
0x00007ff9825b0000 - 0x00007ff9825c7000 	C:\Windows\system32\napinsp.dll
0x00007ff982590000 - 0x00007ff9825ab000 	C:\Windows\system32\pnrpnsp.dll
0x00007ff9a3840000 - 0x00007ff9a3855000 	C:\Windows\system32\wshbth.dll
0x00007ff9a4ac0000 - 0x00007ff9a4add000 	C:\Windows\system32\NLAapi.dll
0x00007ff9a9010000 - 0x00007ff9a904b000 	C:\Windows\SYSTEM32\IPHLPAPI.DLL
0x00007ff9a9050000 - 0x00007ff9a911c000 	C:\Windows\SYSTEM32\DNSAPI.dll
0x00007ff9ab1b0000 - 0x00007ff9ab1b8000 	C:\Windows\System32\NSI.dll
0x00007ff982570000 - 0x00007ff982582000 	C:\Windows\System32\winrnr.dll
0x00007ff9a1650000 - 0x00007ff9a165a000 	C:\Windows\System32\rasadhlp.dll
0x00007ff99fc20000 - 0x00007ff99fc9f000 	C:\Windows\System32\fwpuclnt.dll
0x00007ff9aa480000 - 0x00007ff9aa4a7000 	C:\Windows\System32\bcrypt.dll

dbghelp: loaded successfully - version: 4.0.5 - missing functions: none
symbol engine: initialized successfully - sym options: 0x614 - pdb path: .;C:\Program Files\Java\jdk-11.0.8\bin;C:\Windows\SYSTEM32;C:\Windows\WinSxS\amd64_microsoft.windows.common-controls_6595b64144ccf1df_6.0.19041.844_none_ca00b6081b84eb1d;C:\Program Files\Java\jdk-11.0.8\bin\server;C:\Users\vinim\Documents\R\win-library\3.6\rJava\jri\x64;C:\Program Files\R\R-3.5.3\bin\x64

VM Arguments:
jvm_args: -Djava.library.path=c:\Users\vinim\Documents\R\win-library\3.6\rJava\jri\x64" -Dfile.encoding=Cp1252 
java_command: cloudsim.interference.aaa.xxIntExample
java_class_path (initial): C:\Users\vinim\git\CloudSimInterference\bin;C:\Users\vinim\git\CloudSimInterference\lib\commons-math3-3.3.jar;C:\Users\vinim\git\CloudSimInterference\lib\easymock-3.1.jar;C:\Users\vinim\git\CloudSimInterference\lib\junit-4.10.jar;C:\Users\vinim\git\CloudSimInterference\lib\opencsv-3.7.jar;C:\Users\vinim\git\CloudSimInterference\lib\JRI.jar;C:\Users\vinim\git\CloudSimInterference\lib\JRIEngine.jar;C:\Users\vinim\git\CloudSimInterference\lib\REngine.jar
Launcher Type: SUN_STANDARD

[Global flags]
     intx CICompilerCount                          = 3                                         {product} {ergonomic}
     uint ConcGCThreads                            = 1                                         {product} {ergonomic}
     uint G1ConcRefinementThreads                  = 4                                         {product} {ergonomic}
   size_t G1HeapRegionSize                         = 1048576                                   {product} {ergonomic}
    uintx GCDrainStackTargetSize                   = 64                                        {product} {ergonomic}
   size_t InitialHeapSize                          = 134217728                                 {product} {ergonomic}
   size_t MarkStackSize                            = 4194304                                   {product} {ergonomic}
   size_t MaxHeapSize                              = 2128609280                                {product} {ergonomic}
   size_t MaxNewSize                               = 1277165568                                {product} {ergonomic}
   size_t MinHeapDeltaBytes                        = 1048576                                   {product} {ergonomic}
    uintx NonNMethodCodeHeapSize                   = 5830732                                {pd product} {ergonomic}
    uintx NonProfiledCodeHeapSize                  = 122913754                              {pd product} {ergonomic}
    uintx ProfiledCodeHeapSize                     = 122913754                              {pd product} {ergonomic}
    uintx ReservedCodeCacheSize                    = 251658240                              {pd product} {ergonomic}
     bool SegmentedCodeCache                       = true                                      {product} {ergonomic}
     bool UseCompressedClassPointers               = true                                 {lp64_product} {ergonomic}
     bool UseCompressedOops                        = true                                 {lp64_product} {ergonomic}
     bool UseG1GC                                  = true                                      {product} {ergonomic}
     bool UseLargePagesIndividualAllocation        = false                                  {pd product} {ergonomic}

Logging:
Log output configuration:
 #0: stdout all=warning uptime,level,tags
 #1: stderr all=off uptime,level,tags

Environment Variables:
PATH=C:\Program Files\R\R-3.5.3\bin\x64
USERNAME=Vinicius
OS=Windows_NT
PROCESSOR_IDENTIFIER=Intel64 Family 6 Model 78 Stepping 3, GenuineIntel



---------------  S Y S T E M  ---------------

OS: Windows 10 , 64 bit Build 19041 (10.0.19041.928)

CPU:total 4 (initial active 4) (2 cores per cpu, 2 threads per core) family 6 model 78 stepping 3, cmov, cx8, fxsr, mmx, sse, sse2, sse3, ssse3, sse4.1, sse4.2, popcnt, avx, avx2, aes, clmul, erms, 3dnowpref, lzcnt, ht, tsc, tscinvbit, bmi1, bmi2, adx, fma

Memory: 4k page, system-wide physical 8112M (3348M free)
TotalPageFile size 10672M (AvailPageFile size 5849M)
current process WorkingSet (physical memory assigned to process): 268M, peak: 274M
current process commit charge ("private bytes"): 327M, peak: 334M

vm_info: Java HotSpot(TM) 64-Bit Server VM (11.0.8+10-LTS) for windows-amd64 JRE (11.0.8+10-LTS), built on Jun 16 2020 05:53:08 by "mach5one" with unknown MS VC++:1916

END.
